{"C:\\Users\\Nikol\\Gla1v3\\backend\\config\\env.js": {"path":"C:\\Users\\Nikol\\Gla1v3\\backend\\config\\env.js","statementMap":{"0":{"start":{"line":2,"column":15},"end":{"line":2,"column":32}},"1":{"start":{"line":4,"column":25},"end":{"line":9,"column":1}},"2":{"start":{"line":11,"column":24},"end":{"line":18,"column":1}},"3":{"start":{"line":21,"column":23},"end":{"line":21,"column":60}},"4":{"start":{"line":22,"column":24},"end":{"line":22,"column":70}},"5":{"start":{"line":24,"column":2},"end":{"line":27,"column":3}},"6":{"start":{"line":25,"column":4},"end":{"line":25,"column":97}},"7":{"start":{"line":26,"column":4},"end":{"line":26,"column":11}},"8":{"start":{"line":29,"column":17},"end":{"line":29,"column":19}},"9":{"start":{"line":31,"column":2},"end":{"line":50,"column":3}},"10":{"start":{"line":32,"column":18},"end":{"line":32,"column":41}},"11":{"start":{"line":34,"column":4},"end":{"line":37,"column":5}},"12":{"start":{"line":35,"column":6},"end":{"line":35,"column":48}},"13":{"start":{"line":36,"column":6},"end":{"line":36,"column":15}},"14":{"start":{"line":39,"column":23},"end":{"line":39,"column":42}},"15":{"start":{"line":40,"column":4},"end":{"line":45,"column":5}},"16":{"start":{"line":41,"column":6},"end":{"line":44,"column":7}},"17":{"start":{"line":42,"column":8},"end":{"line":42,"column":82}},"18":{"start":{"line":43,"column":8},"end":{"line":43,"column":14}},"19":{"start":{"line":47,"column":4},"end":{"line":49,"column":5}},"20":{"start":{"line":48,"column":6},"end":{"line":48,"column":91}},"21":{"start":{"line":52,"column":2},"end":{"line":66,"column":3}},"22":{"start":{"line":53,"column":4},"end":{"line":53,"column":90}},"23":{"start":{"line":54,"column":4},"end":{"line":54,"column":88}},"24":{"start":{"line":55,"column":4},"end":{"line":55,"column":90}},"25":{"start":{"line":57,"column":4},"end":{"line":57,"column":46}},"26":{"start":{"line":57,"column":26},"end":{"line":57,"column":44}},"27":{"start":{"line":59,"column":4},"end":{"line":59,"column":38}},"28":{"start":{"line":60,"column":4},"end":{"line":60,"column":67}},"29":{"start":{"line":61,"column":4},"end":{"line":61,"column":72}},"30":{"start":{"line":62,"column":4},"end":{"line":62,"column":52}},"31":{"start":{"line":63,"column":4},"end":{"line":63,"column":100}},"32":{"start":{"line":65,"column":4},"end":{"line":65,"column":20}},"33":{"start":{"line":68,"column":2},"end":{"line":68,"column":63}},"34":{"start":{"line":71,"column":15},"end":{"line":95,"column":1}},"35":{"start":{"line":97,"column":0},"end":{"line":100,"column":2}}},"fnMap":{"0":{"name":"validateSecrets","decl":{"start":{"line":20,"column":9},"end":{"line":20,"column":24}},"loc":{"start":{"line":20,"column":27},"end":{"line":69,"column":1}},"line":20},"1":{"name":"(anonymous_1)","decl":{"start":{"line":57,"column":19},"end":{"line":57,"column":20}},"loc":{"start":{"line":57,"column":26},"end":{"line":57,"column":44}},"line":57}},"branchMap":{"0":{"loc":{"start":{"line":24,"column":2},"end":{"line":27,"column":3}},"type":"if","locations":[{"start":{"line":24,"column":2},"end":{"line":27,"column":3}},{"start":{},"end":{}}],"line":24},"1":{"loc":{"start":{"line":24,"column":6},"end":{"line":24,"column":36}},"type":"binary-expr","locations":[{"start":{"line":24,"column":6},"end":{"line":24,"column":19}},{"start":{"line":24,"column":23},"end":{"line":24,"column":36}}],"line":24},"2":{"loc":{"start":{"line":34,"column":4},"end":{"line":37,"column":5}},"type":"if","locations":[{"start":{"line":34,"column":4},"end":{"line":37,"column":5}},{"start":{},"end":{}}],"line":34},"3":{"loc":{"start":{"line":34,"column":8},"end":{"line":34,"column":37}},"type":"binary-expr","locations":[{"start":{"line":34,"column":8},"end":{"line":34,"column":14}},{"start":{"line":34,"column":18},"end":{"line":34,"column":37}}],"line":34},"4":{"loc":{"start":{"line":41,"column":6},"end":{"line":44,"column":7}},"type":"if","locations":[{"start":{"line":41,"column":6},"end":{"line":44,"column":7}},{"start":{},"end":{}}],"line":41},"5":{"loc":{"start":{"line":47,"column":4},"end":{"line":49,"column":5}},"type":"if","locations":[{"start":{"line":47,"column":4},"end":{"line":49,"column":5}},{"start":{},"end":{}}],"line":47},"6":{"loc":{"start":{"line":52,"column":2},"end":{"line":66,"column":3}},"type":"if","locations":[{"start":{"line":52,"column":2},"end":{"line":66,"column":3}},{"start":{},"end":{}}],"line":52},"7":{"loc":{"start":{"line":72,"column":7},"end":{"line":72,"column":44}},"type":"binary-expr","locations":[{"start":{"line":72,"column":7},"end":{"line":72,"column":27}},{"start":{"line":72,"column":31},"end":{"line":72,"column":44}}],"line":72},"8":{"loc":{"start":{"line":73,"column":10},"end":{"line":73,"column":53}},"type":"binary-expr","locations":[{"start":{"line":73,"column":10},"end":{"line":73,"column":35}},{"start":{"line":73,"column":39},"end":{"line":73,"column":53}}],"line":73},"9":{"loc":{"start":{"line":84,"column":9},"end":{"line":84,"column":63}},"type":"binary-expr","locations":[{"start":{"line":84,"column":9},"end":{"line":84,"column":35}},{"start":{"line":84,"column":39},"end":{"line":84,"column":63}}],"line":84},"10":{"loc":{"start":{"line":85,"column":16},"end":{"line":85,"column":60}},"type":"binary-expr","locations":[{"start":{"line":85,"column":16},"end":{"line":85,"column":50}},{"start":{"line":85,"column":54},"end":{"line":85,"column":60}}],"line":85},"11":{"loc":{"start":{"line":86,"column":10},"end":{"line":86,"column":43}},"type":"binary-expr","locations":[{"start":{"line":86,"column":10},"end":{"line":86,"column":37}},{"start":{"line":86,"column":41},"end":{"line":86,"column":43}}],"line":86},"12":{"loc":{"start":{"line":87,"column":10},"end":{"line":87,"column":43}},"type":"binary-expr","locations":[{"start":{"line":87,"column":10},"end":{"line":87,"column":37}},{"start":{"line":87,"column":41},"end":{"line":87,"column":43}}],"line":87},"13":{"loc":{"start":{"line":91,"column":11},"end":{"line":91,"column":43}},"type":"binary-expr","locations":[{"start":{"line":91,"column":11},"end":{"line":91,"column":31}},{"start":{"line":91,"column":35},"end":{"line":91,"column":43}}],"line":91}},"s":{"0":12,"1":12,"2":12,"3":0,"4":0,"5":0,"6":0,"7":0,"8":0,"9":0,"10":0,"11":0,"12":0,"13":0,"14":0,"15":0,"16":0,"17":0,"18":0,"19":0,"20":0,"21":0,"22":0,"23":0,"24":0,"25":0,"26":0,"27":0,"28":0,"29":0,"30":0,"31":0,"32":0,"33":0,"34":12,"35":12},"f":{"0":0,"1":0},"b":{"0":[0,0],"1":[0,0],"2":[0,0],"3":[0,0],"4":[0,0],"5":[0,0],"6":[0,0],"7":[12,0],"8":[12,12],"9":[12,12],"10":[12,12],"11":[12,12],"12":[12,12],"13":[12,12]},"_coverageSchema":"1a1c01bbd47fc00a2c39e90264f33305004495a9","hash":"79d5126807c17571a41e61ce6a9385bbbf5ab64c"}
,"C:\\Users\\Nikol\\Gla1v3\\backend\\models\\Task.js": {"path":"C:\\Users\\Nikol\\Gla1v3\\backend\\models\\Task.js","statementMap":{"0":{"start":{"line":2,"column":15},"end":{"line":2,"column":32}},"1":{"start":{"line":3,"column":18},"end":{"line":3,"column":45}},"2":{"start":{"line":11,"column":23},"end":{"line":11,"column":129}},"3":{"start":{"line":13,"column":4},"end":{"line":33,"column":5}},"4":{"start":{"line":14,"column":21},"end":{"line":29,"column":7}},"5":{"start":{"line":31,"column":6},"end":{"line":31,"column":93}},"6":{"start":{"line":32,"column":6},"end":{"line":32,"column":28}},"7":{"start":{"line":36,"column":19},"end":{"line":50,"column":5}},"8":{"start":{"line":52,"column":4},"end":{"line":52,"column":90}},"9":{"start":{"line":53,"column":4},"end":{"line":53,"column":26}},"10":{"start":{"line":57,"column":19},"end":{"line":60,"column":5}},"11":{"start":{"line":61,"column":4},"end":{"line":61,"column":23}},"12":{"start":{"line":65,"column":19},"end":{"line":68,"column":5}},"13":{"start":{"line":69,"column":4},"end":{"line":69,"column":23}},"14":{"start":{"line":73,"column":19},"end":{"line":76,"column":5}},"15":{"start":{"line":77,"column":4},"end":{"line":77,"column":23}},"16":{"start":{"line":81,"column":19},"end":{"line":84,"column":5}},"17":{"start":{"line":85,"column":4},"end":{"line":85,"column":34}},"18":{"start":{"line":90,"column":17},"end":{"line":90,"column":32}},"19":{"start":{"line":91,"column":4},"end":{"line":91,"column":63}},"20":{"start":{"line":91,"column":30},"end":{"line":91,"column":63}},"21":{"start":{"line":92,"column":4},"end":{"line":92,"column":89}},"22":{"start":{"line":92,"column":55},"end":{"line":92,"column":89}},"23":{"start":{"line":94,"column":22},"end":{"line":94,"column":37}},"24":{"start":{"line":96,"column":19},"end":{"line":99,"column":5}},"25":{"start":{"line":100,"column":4},"end":{"line":100,"column":34}},"26":{"start":{"line":105,"column":20},"end":{"line":105,"column":91}},"27":{"start":{"line":108,"column":24},"end":{"line":116,"column":5}},"28":{"start":{"line":119,"column":17},"end":{"line":119,"column":49}},"29":{"start":{"line":120,"column":4},"end":{"line":120,"column":16}},"30":{"start":{"line":124,"column":19},"end":{"line":127,"column":5}},"31":{"start":{"line":129,"column":4},"end":{"line":131,"column":5}},"32":{"start":{"line":130,"column":6},"end":{"line":130,"column":47}},"33":{"start":{"line":133,"column":4},"end":{"line":133,"column":31}},"34":{"start":{"line":137,"column":14},"end":{"line":137,"column":53}},"35":{"start":{"line":138,"column":19},"end":{"line":138,"column":27}},"36":{"start":{"line":140,"column":4},"end":{"line":143,"column":5}},"37":{"start":{"line":141,"column":6},"end":{"line":141,"column":35}},"38":{"start":{"line":142,"column":6},"end":{"line":142,"column":28}},"39":{"start":{"line":145,"column":4},"end":{"line":145,"column":39}},"40":{"start":{"line":147,"column":19},"end":{"line":147,"column":43}},"41":{"start":{"line":148,"column":4},"end":{"line":148,"column":23}},"42":{"start":{"line":152,"column":14},"end":{"line":152,"column":35}},"43":{"start":{"line":153,"column":19},"end":{"line":153,"column":21}},"44":{"start":{"line":155,"column":4},"end":{"line":158,"column":5}},"45":{"start":{"line":156,"column":6},"end":{"line":156,"column":37}},"46":{"start":{"line":157,"column":6},"end":{"line":157,"column":28}},"47":{"start":{"line":160,"column":4},"end":{"line":160,"column":39}},"48":{"start":{"line":162,"column":19},"end":{"line":162,"column":43}},"49":{"start":{"line":163,"column":4},"end":{"line":163,"column":23}},"50":{"start":{"line":167,"column":0},"end":{"line":167,"column":27}}},"fnMap":{"0":{"name":"(anonymous_0)","decl":{"start":{"line":6,"column":2},"end":{"line":6,"column":3}},"loc":{"start":{"line":6,"column":69},"end":{"line":54,"column":3}},"line":6},"1":{"name":"(anonymous_1)","decl":{"start":{"line":56,"column":2},"end":{"line":56,"column":3}},"loc":{"start":{"line":56,"column":43},"end":{"line":62,"column":3}},"line":56},"2":{"name":"(anonymous_2)","decl":{"start":{"line":64,"column":2},"end":{"line":64,"column":3}},"loc":{"start":{"line":64,"column":39},"end":{"line":70,"column":3}},"line":64},"3":{"name":"(anonymous_3)","decl":{"start":{"line":72,"column":2},"end":{"line":72,"column":3}},"loc":{"start":{"line":72,"column":37},"end":{"line":78,"column":3}},"line":72},"4":{"name":"(anonymous_4)","decl":{"start":{"line":80,"column":2},"end":{"line":80,"column":3}},"loc":{"start":{"line":80,"column":32},"end":{"line":86,"column":3}},"line":80},"5":{"name":"(anonymous_5)","decl":{"start":{"line":88,"column":2},"end":{"line":88,"column":3}},"loc":{"start":{"line":88,"column":44},"end":{"line":101,"column":3}},"line":88},"6":{"name":"(anonymous_6)","decl":{"start":{"line":103,"column":2},"end":{"line":103,"column":3}},"loc":{"start":{"line":103,"column":67},"end":{"line":121,"column":3}},"line":103},"7":{"name":"(anonymous_7)","decl":{"start":{"line":123,"column":2},"end":{"line":123,"column":3}},"loc":{"start":{"line":123,"column":30},"end":{"line":134,"column":3}},"line":123},"8":{"name":"(anonymous_8)","decl":{"start":{"line":136,"column":2},"end":{"line":136,"column":3}},"loc":{"start":{"line":136,"column":52},"end":{"line":149,"column":3}},"line":136},"9":{"name":"(anonymous_9)","decl":{"start":{"line":151,"column":2},"end":{"line":151,"column":3}},"loc":{"start":{"line":151,"column":39},"end":{"line":164,"column":3}},"line":151}},"branchMap":{"0":{"loc":{"start":{"line":6,"column":51},"end":{"line":6,"column":67}},"type":"default-arg","locations":[{"start":{"line":6,"column":63},"end":{"line":6,"column":67}}],"line":6},"1":{"loc":{"start":{"line":11,"column":23},"end":{"line":11,"column":129}},"type":"binary-expr","locations":[{"start":{"line":11,"column":23},"end":{"line":11,"column":51}},{"start":{"line":11,"column":56},"end":{"line":11,"column":93}},{"start":{"line":11,"column":97},"end":{"line":11,"column":128}}],"line":11},"2":{"loc":{"start":{"line":13,"column":4},"end":{"line":33,"column":5}},"type":"if","locations":[{"start":{"line":13,"column":4},"end":{"line":33,"column":5}},{"start":{},"end":{}}],"line":13},"3":{"loc":{"start":{"line":24,"column":25},"end":{"line":24,"column":46}},"type":"binary-expr","locations":[{"start":{"line":24,"column":25},"end":{"line":24,"column":40}},{"start":{"line":24,"column":44},"end":{"line":24,"column":46}}],"line":24},"4":{"loc":{"start":{"line":25,"column":10},"end":{"line":25,"column":35}},"type":"binary-expr","locations":[{"start":{"line":25,"column":10},"end":{"line":25,"column":26}},{"start":{"line":25,"column":30},"end":{"line":25,"column":35}}],"line":25},"5":{"loc":{"start":{"line":46,"column":23},"end":{"line":46,"column":42}},"type":"binary-expr","locations":[{"start":{"line":46,"column":23},"end":{"line":46,"column":36}},{"start":{"line":46,"column":40},"end":{"line":46,"column":42}}],"line":46},"6":{"loc":{"start":{"line":85,"column":11},"end":{"line":85,"column":33}},"type":"binary-expr","locations":[{"start":{"line":85,"column":11},"end":{"line":85,"column":25}},{"start":{"line":85,"column":29},"end":{"line":85,"column":33}}],"line":85},"7":{"loc":{"start":{"line":91,"column":4},"end":{"line":91,"column":63}},"type":"if","locations":[{"start":{"line":91,"column":4},"end":{"line":91,"column":63}},{"start":{},"end":{}}],"line":91},"8":{"loc":{"start":{"line":92,"column":4},"end":{"line":92,"column":89}},"type":"if","locations":[{"start":{"line":92,"column":4},"end":{"line":92,"column":89}},{"start":{},"end":{}}],"line":92},"9":{"loc":{"start":{"line":92,"column":8},"end":{"line":92,"column":53}},"type":"binary-expr","locations":[{"start":{"line":92,"column":8},"end":{"line":92,"column":30}},{"start":{"line":92,"column":34},"end":{"line":92,"column":53}}],"line":92},"10":{"loc":{"start":{"line":100,"column":11},"end":{"line":100,"column":33}},"type":"binary-expr","locations":[{"start":{"line":100,"column":11},"end":{"line":100,"column":25}},{"start":{"line":100,"column":29},"end":{"line":100,"column":33}}],"line":100},"11":{"loc":{"start":{"line":103,"column":53},"end":{"line":103,"column":65}},"type":"default-arg","locations":[{"start":{"line":103,"column":61},"end":{"line":103,"column":65}}],"line":103},"12":{"loc":{"start":{"line":105,"column":20},"end":{"line":105,"column":91}},"type":"cond-expr","locations":[{"start":{"line":105,"column":79},"end":{"line":105,"column":83}},{"start":{"line":105,"column":86},"end":{"line":105,"column":91}}],"line":105},"13":{"loc":{"start":{"line":105,"column":21},"end":{"line":105,"column":75}},"type":"binary-expr","locations":[{"start":{"line":105,"column":21},"end":{"line":105,"column":46}},{"start":{"line":105,"column":50},"end":{"line":105,"column":75}}],"line":105},"14":{"loc":{"start":{"line":112,"column":8},"end":{"line":112,"column":68}},"type":"cond-expr","locations":[{"start":{"line":112,"column":37},"end":{"line":112,"column":43}},{"start":{"line":112,"column":46},"end":{"line":112,"column":68}}],"line":112},"15":{"loc":{"start":{"line":129,"column":4},"end":{"line":131,"column":5}},"type":"if","locations":[{"start":{"line":129,"column":4},"end":{"line":131,"column":5}},{"start":{},"end":{}}],"line":129},"16":{"loc":{"start":{"line":136,"column":35},"end":{"line":136,"column":50}},"type":"default-arg","locations":[{"start":{"line":136,"column":46},"end":{"line":136,"column":50}}],"line":136},"17":{"loc":{"start":{"line":140,"column":4},"end":{"line":143,"column":5}},"type":"if","locations":[{"start":{"line":140,"column":4},"end":{"line":143,"column":5}},{"start":{},"end":{}}],"line":140},"18":{"loc":{"start":{"line":151,"column":22},"end":{"line":151,"column":37}},"type":"default-arg","locations":[{"start":{"line":151,"column":33},"end":{"line":151,"column":37}}],"line":151},"19":{"loc":{"start":{"line":155,"column":4},"end":{"line":158,"column":5}},"type":"if","locations":[{"start":{"line":155,"column":4},"end":{"line":158,"column":5}},{"start":{},"end":{}}],"line":155}},"s":{"0":1,"1":1,"2":0,"3":0,"4":0,"5":0,"6":0,"7":0,"8":0,"9":0,"10":0,"11":0,"12":0,"13":0,"14":0,"15":0,"16":1,"17":1,"18":0,"19":0,"20":0,"21":0,"22":0,"23":0,"24":0,"25":0,"26":1,"27":1,"28":1,"29":1,"30":0,"31":0,"32":0,"33":0,"34":0,"35":0,"36":0,"37":0,"38":0,"39":0,"40":0,"41":0,"42":0,"43":0,"44":0,"45":0,"46":0,"47":0,"48":0,"49":0,"50":1},"f":{"0":0,"1":0,"2":0,"3":0,"4":1,"5":0,"6":1,"7":0,"8":0,"9":0},"b":{"0":[0],"1":[0,0,0],"2":[0,0],"3":[0,0],"4":[0,0],"5":[0,0],"6":[1,0],"7":[0,0],"8":[0,0],"9":[0,0],"10":[0,0],"11":[0],"12":[0,1],"13":[1,0],"14":[1,0],"15":[0,0],"16":[0],"17":[0,0],"18":[0],"19":[0,0]},"_coverageSchema":"1a1c01bbd47fc00a2c39e90264f33305004495a9","hash":"e0f947d5259443bcd200915d3639f15e7de86eb3"}
,"C:\\Users\\Nikol\\Gla1v3\\backend\\services\\agentService.js": {"path":"C:\\Users\\Nikol\\Gla1v3\\backend\\services\\agentService.js","statementMap":{"0":{"start":{"line":2,"column":19},"end":{"line":2,"column":45}},"1":{"start":{"line":3,"column":20},"end":{"line":3,"column":47}},"2":{"start":{"line":4,"column":17},"end":{"line":4,"column":45}},"3":{"start":{"line":5,"column":19},"end":{"line":5,"column":43}},"4":{"start":{"line":9,"column":20},"end":{"line":9,"column":70}},"5":{"start":{"line":10,"column":15},"end":{"line":10,"column":65}},"6":{"start":{"line":14,"column":4},"end":{"line":27,"column":5}},"7":{"start":{"line":15,"column":6},"end":{"line":26,"column":7}},"8":{"start":{"line":16,"column":23},"end":{"line":16,"column":40}},"9":{"start":{"line":17,"column":20},"end":{"line":19,"column":55}},"10":{"start":{"line":20,"column":20},"end":{"line":20,"column":46}},"11":{"start":{"line":21,"column":19},"end":{"line":21,"column":72}},"12":{"start":{"line":22,"column":8},"end":{"line":22,"column":39}},"13":{"start":{"line":25,"column":8},"end":{"line":25,"column":79}},"14":{"start":{"line":30,"column":16},"end":{"line":30,"column":55}},"15":{"start":{"line":32,"column":4},"end":{"line":77,"column":5}},"16":{"start":{"line":34,"column":6},"end":{"line":37,"column":7}},"17":{"start":{"line":35,"column":30},"end":{"line":35,"column":60}},"18":{"start":{"line":36,"column":8},"end":{"line":36,"column":59}},"19":{"start":{"line":39,"column":6},"end":{"line":41,"column":7}},"20":{"start":{"line":40,"column":8},"end":{"line":40,"column":70}},"21":{"start":{"line":44,"column":19},"end":{"line":44,"column":23}},"22":{"start":{"line":45,"column":6},"end":{"line":57,"column":7}},"23":{"start":{"line":46,"column":25},"end":{"line":51,"column":10}},"24":{"start":{"line":52,"column":8},"end":{"line":52,"column":33}},"25":{"start":{"line":53,"column":8},"end":{"line":53,"column":72}},"26":{"start":{"line":55,"column":8},"end":{"line":55,"column":87}},"27":{"start":{"line":59,"column":6},"end":{"line":67,"column":19}},"28":{"start":{"line":69,"column":6},"end":{"line":76,"column":9}},"29":{"start":{"line":79,"column":4},"end":{"line":79,"column":17}},"30":{"start":{"line":83,"column":4},"end":{"line":83,"column":45}},"31":{"start":{"line":88,"column":16},"end":{"line":88,"column":50}},"32":{"start":{"line":91,"column":4},"end":{"line":93,"column":5}},"33":{"start":{"line":92,"column":6},"end":{"line":92,"column":49}},"34":{"start":{"line":95,"column":4},"end":{"line":95,"column":17}},"35":{"start":{"line":99,"column":4},"end":{"line":143,"column":5}},"36":{"start":{"line":100,"column":19},"end":{"line":100,"column":37}},"37":{"start":{"line":101,"column":18},"end":{"line":103,"column":45}},"38":{"start":{"line":104,"column":18},"end":{"line":104,"column":44}},"39":{"start":{"line":106,"column":26},"end":{"line":126,"column":8}},"40":{"start":{"line":107,"column":8},"end":{"line":125,"column":10}},"41":{"start":{"line":115,"column":14},"end":{"line":120,"column":18}},"42":{"start":{"line":116,"column":16},"end":{"line":119,"column":18}},"43":{"start":{"line":128,"column":19},"end":{"line":128,"column":49}},"44":{"start":{"line":130,"column":6},"end":{"line":139,"column":7}},"45":{"start":{"line":131,"column":8},"end":{"line":138,"column":9}},"46":{"start":{"line":132,"column":10},"end":{"line":137,"column":11}},"47":{"start":{"line":134,"column":24},"end":{"line":134,"column":48}},"48":{"start":{"line":135,"column":28},"end":{"line":135,"column":67}},"49":{"start":{"line":136,"column":12},"end":{"line":136,"column":40}},"50":{"start":{"line":140,"column":6},"end":{"line":140,"column":23}},"51":{"start":{"line":142,"column":6},"end":{"line":142,"column":27}},"52":{"start":{"line":147,"column":0},"end":{"line":147,"column":30}}},"fnMap":{"0":{"name":"(anonymous_0)","decl":{"start":{"line":8,"column":2},"end":{"line":8,"column":3}},"loc":{"start":{"line":8,"column":68},"end":{"line":80,"column":3}},"line":8},"1":{"name":"(anonymous_1)","decl":{"start":{"line":82,"column":2},"end":{"line":82,"column":3}},"loc":{"start":{"line":82,"column":45},"end":{"line":84,"column":3}},"line":82},"2":{"name":"(anonymous_2)","decl":{"start":{"line":86,"column":2},"end":{"line":86,"column":3}},"loc":{"start":{"line":86,"column":33},"end":{"line":96,"column":3}},"line":86},"3":{"name":"(anonymous_3)","decl":{"start":{"line":98,"column":2},"end":{"line":98,"column":3}},"loc":{"start":{"line":98,"column":32},"end":{"line":144,"column":3}},"line":98},"4":{"name":"(anonymous_4)","decl":{"start":{"line":106,"column":53},"end":{"line":106,"column":54}},"loc":{"start":{"line":106,"column":64},"end":{"line":126,"column":7}},"line":106},"5":{"name":"(anonymous_5)","decl":{"start":{"line":114,"column":57},"end":{"line":114,"column":58}},"loc":{"start":{"line":114,"column":68},"end":{"line":121,"column":13}},"line":114},"6":{"name":"(anonymous_6)","decl":{"start":{"line":115,"column":62},"end":{"line":115,"column":63}},"loc":{"start":{"line":115,"column":73},"end":{"line":120,"column":15}},"line":115}},"branchMap":{"0":{"loc":{"start":{"line":8,"column":51},"end":{"line":8,"column":66}},"type":"default-arg","locations":[{"start":{"line":8,"column":62},"end":{"line":8,"column":66}}],"line":8},"1":{"loc":{"start":{"line":9,"column":20},"end":{"line":9,"column":70}},"type":"binary-expr","locations":[{"start":{"line":9,"column":20},"end":{"line":9,"column":32}},{"start":{"line":9,"column":36},"end":{"line":9,"column":70}}],"line":9},"2":{"loc":{"start":{"line":10,"column":15},"end":{"line":10,"column":65}},"type":"binary-expr","locations":[{"start":{"line":10,"column":15},"end":{"line":10,"column":27}},{"start":{"line":10,"column":31},"end":{"line":10,"column":65}}],"line":10},"3":{"loc":{"start":{"line":14,"column":4},"end":{"line":27,"column":5}},"type":"if","locations":[{"start":{"line":14,"column":4},"end":{"line":27,"column":5}},{"start":{},"end":{}}],"line":14},"4":{"loc":{"start":{"line":32,"column":4},"end":{"line":77,"column":5}},"type":"if","locations":[{"start":{"line":32,"column":4},"end":{"line":77,"column":5}},{"start":{"line":68,"column":11},"end":{"line":77,"column":5}}],"line":32},"5":{"loc":{"start":{"line":34,"column":6},"end":{"line":37,"column":7}},"type":"if","locations":[{"start":{"line":34,"column":6},"end":{"line":37,"column":7}},{"start":{},"end":{}}],"line":34},"6":{"loc":{"start":{"line":36,"column":19},"end":{"line":36,"column":58}},"type":"cond-expr","locations":[{"start":{"line":36,"column":35},"end":{"line":36,"column":51}},{"start":{"line":36,"column":54},"end":{"line":36,"column":58}}],"line":36},"7":{"loc":{"start":{"line":39,"column":6},"end":{"line":41,"column":7}},"type":"if","locations":[{"start":{"line":39,"column":6},"end":{"line":41,"column":7}},{"start":{},"end":{}}],"line":39},"8":{"loc":{"start":{"line":82,"column":28},"end":{"line":82,"column":43}},"type":"default-arg","locations":[{"start":{"line":82,"column":39},"end":{"line":82,"column":43}}],"line":82},"9":{"loc":{"start":{"line":91,"column":4},"end":{"line":93,"column":5}},"type":"if","locations":[{"start":{"line":91,"column":4},"end":{"line":93,"column":5}},{"start":{},"end":{}}],"line":91},"10":{"loc":{"start":{"line":91,"column":8},"end":{"line":91,"column":99}},"type":"binary-expr","locations":[{"start":{"line":91,"column":8},"end":{"line":91,"column":14}},{"start":{"line":91,"column":18},"end":{"line":91,"column":99}}],"line":91},"11":{"loc":{"start":{"line":132,"column":10},"end":{"line":137,"column":11}},"type":"if","locations":[{"start":{"line":132,"column":10},"end":{"line":137,"column":11}},{"start":{},"end":{}}],"line":132},"12":{"loc":{"start":{"line":134,"column":31},"end":{"line":134,"column":47}},"type":"binary-expr","locations":[{"start":{"line":134,"column":31},"end":{"line":134,"column":41}},{"start":{"line":134,"column":45},"end":{"line":134,"column":47}}],"line":134},"13":{"loc":{"start":{"line":136,"column":19},"end":{"line":136,"column":39}},"type":"binary-expr","locations":[{"start":{"line":136,"column":19},"end":{"line":136,"column":26}},{"start":{"line":136,"column":30},"end":{"line":136,"column":39}}],"line":136}},"s":{"0":1,"1":1,"2":1,"3":1,"4":3,"5":3,"6":3,"7":1,"8":1,"9":1,"10":1,"11":1,"12":1,"13":0,"14":3,"15":3,"16":2,"17":2,"18":2,"19":2,"20":0,"21":2,"22":2,"23":2,"24":2,"25":2,"26":0,"27":2,"28":1,"29":3,"30":1,"31":1,"32":1,"33":1,"34":1,"35":7,"36":7,"37":7,"38":3,"39":3,"40":3,"41":0,"42":0,"43":3,"44":0,"45":0,"46":0,"47":0,"48":0,"49":0,"50":0,"51":7,"52":1},"f":{"0":3,"1":1,"2":1,"3":7,"4":3,"5":0,"6":0},"b":{"0":[2],"1":[3,3],"2":[3,3],"3":[1,2],"4":[2,1],"5":[2,0],"6":[2,0],"7":[0,2],"8":[0],"9":[1,0],"10":[1,1],"11":[0,0],"12":[0,0],"13":[0,0]},"_coverageSchema":"1a1c01bbd47fc00a2c39e90264f33305004495a9","hash":"cee62d6196525b377f801ed4e628f19dcfaad3b5"}
,"C:\\Users\\Nikol\\Gla1v3\\backend\\services\\authService.js": {"path":"C:\\Users\\Nikol\\Gla1v3\\backend\\services\\authService.js","statementMap":{"0":{"start":{"line":2,"column":12},"end":{"line":2,"column":35}},"1":{"start":{"line":3,"column":18},"end":{"line":3,"column":43}},"2":{"start":{"line":4,"column":25},"end":{"line":4,"column":54}},"3":{"start":{"line":6,"column":23},"end":{"line":6,"column":50}},"4":{"start":{"line":7,"column":19},"end":{"line":7,"column":43}},"5":{"start":{"line":11,"column":17},"end":{"line":11,"column":57}},"6":{"start":{"line":13,"column":4},"end":{"line":15,"column":5}},"7":{"start":{"line":14,"column":6},"end":{"line":14,"column":45}},"8":{"start":{"line":17,"column":20},"end":{"line":17,"column":66}},"9":{"start":{"line":18,"column":4},"end":{"line":20,"column":5}},"10":{"start":{"line":19,"column":6},"end":{"line":19,"column":45}},"11":{"start":{"line":23,"column":19},"end":{"line":23,"column":69}},"12":{"start":{"line":25,"column":4},"end":{"line":43,"column":5}},"13":{"start":{"line":27,"column":24},"end":{"line":36,"column":7}},"14":{"start":{"line":38,"column":6},"end":{"line":42,"column":8}},"15":{"start":{"line":46,"column":4},"end":{"line":46,"column":71}},"16":{"start":{"line":51,"column":20},"end":{"line":51,"column":54}},"17":{"start":{"line":54,"column":37},"end":{"line":54,"column":88}},"18":{"start":{"line":57,"column":18},"end":{"line":61,"column":5}},"19":{"start":{"line":63,"column":4},"end":{"line":76,"column":6}},"20":{"start":{"line":71,"column":33},"end":{"line":75,"column":7}},"21":{"start":{"line":80,"column":4},"end":{"line":80,"column":50}},"22":{"start":{"line":84,"column":4},"end":{"line":112,"column":5}},"23":{"start":{"line":86,"column":26},"end":{"line":86,"column":53}},"24":{"start":{"line":89,"column":28},"end":{"line":89,"column":67}},"25":{"start":{"line":90,"column":6},"end":{"line":93,"column":7}},"26":{"start":{"line":91,"column":8},"end":{"line":91,"column":51}},"27":{"start":{"line":92,"column":8},"end":{"line":92,"column":15}},"28":{"start":{"line":96,"column":28},"end":{"line":96,"column":48}},"29":{"start":{"line":97,"column":20},"end":{"line":101,"column":8}},"30":{"start":{"line":104,"column":28},"end":{"line":104,"column":58}},"31":{"start":{"line":105,"column":6},"end":{"line":107,"column":7}},"32":{"start":{"line":106,"column":8},"end":{"line":106,"column":65}},"33":{"start":{"line":109,"column":6},"end":{"line":109,"column":72}},"34":{"start":{"line":111,"column":6},"end":{"line":111,"column":73}},"35":{"start":{"line":116,"column":0},"end":{"line":116,"column":29}}},"fnMap":{"0":{"name":"(anonymous_0)","decl":{"start":{"line":10,"column":2},"end":{"line":10,"column":3}},"loc":{"start":{"line":10,"column":41},"end":{"line":47,"column":3}},"line":10},"1":{"name":"(anonymous_1)","decl":{"start":{"line":49,"column":2},"end":{"line":49,"column":3}},"loc":{"start":{"line":49,"column":53},"end":{"line":77,"column":3}},"line":49},"2":{"name":"(anonymous_2)","decl":{"start":{"line":71,"column":27},"end":{"line":71,"column":28}},"loc":{"start":{"line":71,"column":33},"end":{"line":75,"column":7}},"line":71},"3":{"name":"(anonymous_3)","decl":{"start":{"line":79,"column":2},"end":{"line":79,"column":3}},"loc":{"start":{"line":79,"column":33},"end":{"line":81,"column":3}},"line":79},"4":{"name":"(anonymous_4)","decl":{"start":{"line":83,"column":2},"end":{"line":83,"column":3}},"loc":{"start":{"line":83,"column":40},"end":{"line":113,"column":3}},"line":83}},"branchMap":{"0":{"loc":{"start":{"line":13,"column":4},"end":{"line":15,"column":5}},"type":"if","locations":[{"start":{"line":13,"column":4},"end":{"line":15,"column":5}},{"start":{},"end":{}}],"line":13},"1":{"loc":{"start":{"line":18,"column":4},"end":{"line":20,"column":5}},"type":"if","locations":[{"start":{"line":18,"column":4},"end":{"line":20,"column":5}},{"start":{},"end":{}}],"line":18},"2":{"loc":{"start":{"line":25,"column":4},"end":{"line":43,"column":5}},"type":"if","locations":[{"start":{"line":25,"column":4},"end":{"line":43,"column":5}},{"start":{},"end":{}}],"line":25},"3":{"loc":{"start":{"line":90,"column":6},"end":{"line":93,"column":7}},"type":"if","locations":[{"start":{"line":90,"column":6},"end":{"line":93,"column":7}},{"start":{},"end":{}}],"line":90},"4":{"loc":{"start":{"line":105,"column":6},"end":{"line":107,"column":7}},"type":"if","locations":[{"start":{"line":105,"column":6},"end":{"line":107,"column":7}},{"start":{},"end":{}}],"line":105}},"s":{"0":1,"1":1,"2":1,"3":1,"4":1,"5":3,"6":3,"7":1,"8":2,"9":2,"10":1,"11":1,"12":1,"13":1,"14":1,"15":0,"16":1,"17":1,"18":1,"19":1,"20":1,"21":0,"22":0,"23":0,"24":0,"25":0,"26":0,"27":0,"28":0,"29":0,"30":0,"31":0,"32":0,"33":0,"34":0,"35":1},"f":{"0":3,"1":1,"2":1,"3":0,"4":0},"b":{"0":[1,2],"1":[1,1],"2":[1,0],"3":[0,0],"4":[0,0]},"_coverageSchema":"1a1c01bbd47fc00a2c39e90264f33305004495a9","hash":"fc5265c8ed144ceeb98c6ab73cdc4230b8fc51d7"}
,"C:\\Users\\Nikol\\Gla1v3\\backend\\services\\edrService.js": {"path":"C:\\Users\\Nikol\\Gla1v3\\backend\\services\\edrService.js","statementMap":{"0":{"start":{"line":2,"column":19},"end":{"line":2,"column":43}},"1":{"start":{"line":5,"column":19},"end":{"line":5,"column":28}},"2":{"start":{"line":10,"column":31},"end":{"line":28,"column":5}},"3":{"start":{"line":30,"column":4},"end":{"line":30,"column":56}},"4":{"start":{"line":31,"column":4},"end":{"line":34,"column":7}},"5":{"start":{"line":38,"column":20},"end":{"line":40,"column":62}},"6":{"start":{"line":40,"column":52},"end":{"line":40,"column":61}},"7":{"start":{"line":42,"column":22},"end":{"line":42,"column":24}},"8":{"start":{"line":44,"column":4},"end":{"line":51,"column":5}},"9":{"start":{"line":45,"column":6},"end":{"line":50,"column":7}},"10":{"start":{"line":46,"column":23},"end":{"line":46,"column":51}},"11":{"start":{"line":47,"column":8},"end":{"line":47,"column":34}},"12":{"start":{"line":49,"column":8},"end":{"line":49,"column":78}},"13":{"start":{"line":53,"column":4},"end":{"line":53,"column":83}},"14":{"start":{"line":53,"column":36},"end":{"line":53,"column":81}},"15":{"start":{"line":57,"column":18},"end":{"line":57,"column":34}},"16":{"start":{"line":58,"column":17},"end":{"line":58,"column":32}},"17":{"start":{"line":60,"column":16},"end":{"line":60,"column":55}},"18":{"start":{"line":61,"column":20},"end":{"line":61,"column":45}},"19":{"start":{"line":62,"column":19},"end":{"line":62,"column":41}},"20":{"start":{"line":64,"column":20},"end":{"line":67,"column":5}},"21":{"start":{"line":69,"column":4},"end":{"line":72,"column":5}},"22":{"start":{"line":70,"column":19},"end":{"line":70,"column":76}},"23":{"start":{"line":71,"column":6},"end":{"line":71,"column":57}},"24":{"start":{"line":74,"column":4},"end":{"line":92,"column":7}},"25":{"start":{"line":75,"column":18},"end":{"line":87,"column":8}},"26":{"start":{"line":76,"column":19},"end":{"line":76,"column":21}},"27":{"start":{"line":77,"column":8},"end":{"line":77,"column":47}},"28":{"start":{"line":77,"column":32},"end":{"line":77,"column":45}},"29":{"start":{"line":78,"column":8},"end":{"line":86,"column":11}},"30":{"start":{"line":79,"column":10},"end":{"line":85,"column":11}},"31":{"start":{"line":80,"column":27},"end":{"line":80,"column":43}},"32":{"start":{"line":81,"column":27},"end":{"line":81,"column":68}},"33":{"start":{"line":82,"column":12},"end":{"line":82,"column":28}},"34":{"start":{"line":84,"column":12},"end":{"line":84,"column":61}},"35":{"start":{"line":89,"column":6},"end":{"line":89,"column":30}},"36":{"start":{"line":90,"column":6},"end":{"line":90,"column":53}},"37":{"start":{"line":91,"column":6},"end":{"line":91,"column":16}},"38":{"start":{"line":96,"column":17},"end":{"line":96,"column":42}},"39":{"start":{"line":98,"column":4},"end":{"line":113,"column":7}},"40":{"start":{"line":99,"column":18},"end":{"line":99,"column":29}},"41":{"start":{"line":100,"column":19},"end":{"line":100,"column":33}},"42":{"start":{"line":101,"column":20},"end":{"line":101,"column":35}},"43":{"start":{"line":103,"column":6},"end":{"line":112,"column":8}},"44":{"start":{"line":117,"column":4},"end":{"line":120,"column":8}},"45":{"start":{"line":117,"column":55},"end":{"line":120,"column":5}},"46":{"start":{"line":124,"column":4},"end":{"line":124,"column":30}},"47":{"start":{"line":128,"column":19},"end":{"line":128,"column":36}},"48":{"start":{"line":129,"column":15},"end":{"line":129,"column":61}},"49":{"start":{"line":131,"column":19},"end":{"line":142,"column":5}},"50":{"start":{"line":144,"column":4},"end":{"line":144,"column":31}},"51":{"start":{"line":145,"column":4},"end":{"line":145,"column":18}},"52":{"start":{"line":149,"column":16},"end":{"line":149,"column":34}},"53":{"start":{"line":150,"column":4},"end":{"line":150,"column":26}},"54":{"start":{"line":150,"column":14},"end":{"line":150,"column":26}},"55":{"start":{"line":152,"column":4},"end":{"line":161,"column":7}},"56":{"start":{"line":163,"column":4},"end":{"line":163,"column":15}},"57":{"start":{"line":167,"column":4},"end":{"line":167,"column":33}},"58":{"start":{"line":171,"column":0},"end":{"line":171,"column":28}}},"fnMap":{"0":{"name":"(anonymous_0)","decl":{"start":{"line":8,"column":2},"end":{"line":8,"column":3}},"loc":{"start":{"line":8,"column":22},"end":{"line":35,"column":3}},"line":8},"1":{"name":"(anonymous_1)","decl":{"start":{"line":37,"column":2},"end":{"line":37,"column":3}},"loc":{"start":{"line":37,"column":41},"end":{"line":54,"column":3}},"line":37},"2":{"name":"(anonymous_2)","decl":{"start":{"line":40,"column":47},"end":{"line":40,"column":48}},"loc":{"start":{"line":40,"column":52},"end":{"line":40,"column":61}},"line":40},"3":{"name":"(anonymous_3)","decl":{"start":{"line":53,"column":26},"end":{"line":53,"column":27}},"loc":{"start":{"line":53,"column":36},"end":{"line":53,"column":81}},"line":53},"4":{"name":"(anonymous_4)","decl":{"start":{"line":56,"column":2},"end":{"line":56,"column":3}},"loc":{"start":{"line":56,"column":33},"end":{"line":93,"column":3}},"line":56},"5":{"name":"(anonymous_5)","decl":{"start":{"line":74,"column":23},"end":{"line":74,"column":24}},"loc":{"start":{"line":74,"column":44},"end":{"line":92,"column":5}},"line":74},"6":{"name":"(anonymous_6)","decl":{"start":{"line":75,"column":47},"end":{"line":75,"column":48}},"loc":{"start":{"line":75,"column":56},"end":{"line":87,"column":7}},"line":75},"7":{"name":"(anonymous_7)","decl":{"start":{"line":77,"column":23},"end":{"line":77,"column":24}},"loc":{"start":{"line":77,"column":32},"end":{"line":77,"column":45}},"line":77},"8":{"name":"(anonymous_8)","decl":{"start":{"line":78,"column":22},"end":{"line":78,"column":23}},"loc":{"start":{"line":78,"column":28},"end":{"line":86,"column":9}},"line":78},"9":{"name":"(anonymous_9)","decl":{"start":{"line":95,"column":2},"end":{"line":95,"column":3}},"loc":{"start":{"line":95,"column":48},"end":{"line":114,"column":3}},"line":95},"10":{"name":"(anonymous_10)","decl":{"start":{"line":98,"column":20},"end":{"line":98,"column":21}},"loc":{"start":{"line":98,"column":27},"end":{"line":113,"column":5}},"line":98},"11":{"name":"(anonymous_11)","decl":{"start":{"line":116,"column":2},"end":{"line":116,"column":3}},"loc":{"start":{"line":116,"column":25},"end":{"line":121,"column":3}},"line":116},"12":{"name":"(anonymous_12)","decl":{"start":{"line":117,"column":47},"end":{"line":117,"column":48}},"loc":{"start":{"line":117,"column":55},"end":{"line":120,"column":5}},"line":117},"13":{"name":"(anonymous_13)","decl":{"start":{"line":123,"column":2},"end":{"line":123,"column":3}},"loc":{"start":{"line":123,"column":23},"end":{"line":125,"column":3}},"line":123},"14":{"name":"(anonymous_14)","decl":{"start":{"line":127,"column":2},"end":{"line":127,"column":3}},"loc":{"start":{"line":127,"column":28},"end":{"line":146,"column":3}},"line":127},"15":{"name":"(anonymous_15)","decl":{"start":{"line":148,"column":2},"end":{"line":148,"column":3}},"loc":{"start":{"line":148,"column":35},"end":{"line":164,"column":3}},"line":148},"16":{"name":"(anonymous_16)","decl":{"start":{"line":166,"column":2},"end":{"line":166,"column":3}},"loc":{"start":{"line":166,"column":26},"end":{"line":168,"column":3}},"line":166}},"branchMap":{"0":{"loc":{"start":{"line":37,"column":27},"end":{"line":37,"column":39}},"type":"default-arg","locations":[{"start":{"line":37,"column":35},"end":{"line":37,"column":39}}],"line":37},"1":{"loc":{"start":{"line":38,"column":20},"end":{"line":40,"column":62}},"type":"cond-expr","locations":[{"start":{"line":39,"column":8},"end":{"line":39,"column":47}},{"start":{"line":40,"column":8},"end":{"line":40,"column":62}}],"line":38},"2":{"loc":{"start":{"line":62,"column":19},"end":{"line":62,"column":41}},"type":"cond-expr","locations":[{"start":{"line":62,"column":29},"end":{"line":62,"column":34}},{"start":{"line":62,"column":37},"end":{"line":62,"column":41}}],"line":62},"3":{"loc":{"start":{"line":69,"column":4},"end":{"line":72,"column":5}},"type":"if","locations":[{"start":{"line":69,"column":4},"end":{"line":72,"column":5}},{"start":{},"end":{}}],"line":69},"4":{"loc":{"start":{"line":69,"column":8},"end":{"line":69,"column":46}},"type":"binary-expr","locations":[{"start":{"line":69,"column":8},"end":{"line":69,"column":34}},{"start":{"line":69,"column":38},"end":{"line":69,"column":46}}],"line":69},"5":{"loc":{"start":{"line":96,"column":17},"end":{"line":96,"column":42}},"type":"binary-expr","locations":[{"start":{"line":96,"column":17},"end":{"line":96,"column":36}},{"start":{"line":96,"column":40},"end":{"line":96,"column":42}}],"line":96},"6":{"loc":{"start":{"line":100,"column":19},"end":{"line":100,"column":33}},"type":"binary-expr","locations":[{"start":{"line":100,"column":19},"end":{"line":100,"column":27}},{"start":{"line":100,"column":31},"end":{"line":100,"column":33}}],"line":100},"7":{"loc":{"start":{"line":101,"column":20},"end":{"line":101,"column":35}},"type":"binary-expr","locations":[{"start":{"line":101,"column":20},"end":{"line":101,"column":29}},{"start":{"line":101,"column":33},"end":{"line":101,"column":35}}],"line":101},"8":{"loc":{"start":{"line":105,"column":19},"end":{"line":105,"column":53}},"type":"binary-expr","locations":[{"start":{"line":105,"column":19},"end":{"line":105,"column":32}},{"start":{"line":105,"column":36},"end":{"line":105,"column":53}}],"line":105},"9":{"loc":{"start":{"line":108,"column":15},"end":{"line":108,"column":38}},"type":"binary-expr","locations":[{"start":{"line":108,"column":15},"end":{"line":108,"column":25}},{"start":{"line":108,"column":29},"end":{"line":108,"column":38}}],"line":108},"10":{"loc":{"start":{"line":109,"column":15},"end":{"line":109,"column":30}},"type":"binary-expr","locations":[{"start":{"line":109,"column":15},"end":{"line":109,"column":25}},{"start":{"line":109,"column":29},"end":{"line":109,"column":30}}],"line":109},"11":{"loc":{"start":{"line":110,"column":21},"end":{"line":110,"column":57}},"type":"binary-expr","locations":[{"start":{"line":110,"column":21},"end":{"line":110,"column":37}},{"start":{"line":110,"column":41},"end":{"line":110,"column":57}}],"line":110},"12":{"loc":{"start":{"line":111,"column":15},"end":{"line":111,"column":60}},"type":"binary-expr","locations":[{"start":{"line":111,"column":15},"end":{"line":111,"column":25}},{"start":{"line":111,"column":29},"end":{"line":111,"column":60}}],"line":111},"13":{"loc":{"start":{"line":119,"column":12},"end":{"line":119,"column":33}},"type":"cond-expr","locations":[{"start":{"line":119,"column":23},"end":{"line":119,"column":28}},{"start":{"line":119,"column":31},"end":{"line":119,"column":33}}],"line":119},"14":{"loc":{"start":{"line":136,"column":12},"end":{"line":136,"column":27}},"type":"binary-expr","locations":[{"start":{"line":136,"column":12},"end":{"line":136,"column":21}},{"start":{"line":136,"column":25},"end":{"line":136,"column":27}}],"line":136},"15":{"loc":{"start":{"line":137,"column":12},"end":{"line":137,"column":27}},"type":"binary-expr","locations":[{"start":{"line":137,"column":12},"end":{"line":137,"column":21}},{"start":{"line":137,"column":25},"end":{"line":137,"column":27}}],"line":137},"16":{"loc":{"start":{"line":138,"column":18},"end":{"line":138,"column":43}},"type":"binary-expr","locations":[{"start":{"line":138,"column":18},"end":{"line":138,"column":33}},{"start":{"line":138,"column":37},"end":{"line":138,"column":43}}],"line":138},"17":{"loc":{"start":{"line":140,"column":17},"end":{"line":140,"column":37}},"type":"binary-expr","locations":[{"start":{"line":140,"column":17},"end":{"line":140,"column":31}},{"start":{"line":140,"column":35},"end":{"line":140,"column":37}}],"line":140},"18":{"loc":{"start":{"line":150,"column":4},"end":{"line":150,"column":26}},"type":"if","locations":[{"start":{"line":150,"column":4},"end":{"line":150,"column":26}},{"start":{},"end":{}}],"line":150},"19":{"loc":{"start":{"line":153,"column":12},"end":{"line":153,"column":36}},"type":"binary-expr","locations":[{"start":{"line":153,"column":12},"end":{"line":153,"column":24}},{"start":{"line":153,"column":28},"end":{"line":153,"column":36}}],"line":153},"20":{"loc":{"start":{"line":154,"column":12},"end":{"line":154,"column":36}},"type":"binary-expr","locations":[{"start":{"line":154,"column":12},"end":{"line":154,"column":24}},{"start":{"line":154,"column":28},"end":{"line":154,"column":36}}],"line":154},"21":{"loc":{"start":{"line":155,"column":11},"end":{"line":155,"column":33}},"type":"binary-expr","locations":[{"start":{"line":155,"column":11},"end":{"line":155,"column":22}},{"start":{"line":155,"column":26},"end":{"line":155,"column":33}}],"line":155},"22":{"loc":{"start":{"line":156,"column":12},"end":{"line":156,"column":64}},"type":"cond-expr","locations":[{"start":{"line":156,"column":41},"end":{"line":156,"column":53}},{"start":{"line":156,"column":56},"end":{"line":156,"column":64}}],"line":156},"23":{"loc":{"start":{"line":157,"column":12},"end":{"line":157,"column":36}},"type":"binary-expr","locations":[{"start":{"line":157,"column":12},"end":{"line":157,"column":24}},{"start":{"line":157,"column":28},"end":{"line":157,"column":36}}],"line":157},"24":{"loc":{"start":{"line":158,"column":18},"end":{"line":158,"column":54}},"type":"binary-expr","locations":[{"start":{"line":158,"column":18},"end":{"line":158,"column":36}},{"start":{"line":158,"column":40},"end":{"line":158,"column":54}}],"line":158},"25":{"loc":{"start":{"line":159,"column":15},"end":{"line":159,"column":76}},"type":"cond-expr","locations":[{"start":{"line":159,"column":47},"end":{"line":159,"column":62}},{"start":{"line":159,"column":65},"end":{"line":159,"column":76}}],"line":159},"26":{"loc":{"start":{"line":160,"column":17},"end":{"line":160,"column":51}},"type":"binary-expr","locations":[{"start":{"line":160,"column":17},"end":{"line":160,"column":34}},{"start":{"line":160,"column":38},"end":{"line":160,"column":51}}],"line":160}},"s":{"0":8,"1":8,"2":1,"3":1,"4":1,"5":1,"6":2,"7":1,"8":1,"9":2,"10":2,"11":2,"12":0,"13":1,"14":1,"15":1,"16":1,"17":1,"18":1,"19":1,"20":1,"21":1,"22":0,"23":0,"24":1,"25":1,"26":1,"27":1,"28":1,"29":1,"30":1,"31":1,"32":1,"33":1,"34":0,"35":1,"36":1,"37":1,"38":2,"39":2,"40":2,"41":2,"42":2,"43":2,"44":1,"45":1,"46":2,"47":3,"48":3,"49":3,"50":3,"51":3,"52":1,"53":1,"54":0,"55":1,"56":1,"57":1,"58":8},"f":{"0":1,"1":1,"2":2,"3":1,"4":1,"5":1,"6":1,"7":1,"8":1,"9":2,"10":2,"11":1,"12":1,"13":2,"14":3,"15":1,"16":1},"b":{"0":[1],"1":[0,1],"2":[0,1],"3":[0,1],"4":[1,0],"5":[2,0],"6":[2,0],"7":[2,0],"8":[2,0],"9":[2,0],"10":[2,0],"11":[2,0],"12":[2,2],"13":[0,1],"14":[3,2],"15":[3,2],"16":[3,2],"17":[3,1],"18":[0,1],"19":[1,0],"20":[1,1],"21":[1,1],"22":[0,1],"23":[1,1],"24":[1,1],"25":[1,0],"26":[1,1]},"_coverageSchema":"1a1c01bbd47fc00a2c39e90264f33305004495a9","hash":"f50351f0b758d521373ad029dc6834d551133fe2"}
,"C:\\Users\\Nikol\\Gla1v3\\backend\\services\\taskQueueService.js": {"path":"C:\\Users\\Nikol\\Gla1v3\\backend\\services\\taskQueueService.js","statementMap":{"0":{"start":{"line":1,"column":20},"end":{"line":1,"column":51}},"1":{"start":{"line":5,"column":4},"end":{"line":5,"column":41}},"2":{"start":{"line":15,"column":4},"end":{"line":45,"column":5}},"3":{"start":{"line":16,"column":23},"end":{"line":16,"column":75}},"4":{"start":{"line":18,"column":29},"end":{"line":18,"column":52}},"5":{"start":{"line":19,"column":6},"end":{"line":21,"column":7}},"6":{"start":{"line":20,"column":8},"end":{"line":20,"column":52}},"7":{"start":{"line":22,"column":23},"end":{"line":25,"column":8}},"8":{"start":{"line":28,"column":6},"end":{"line":28,"column":50}},"9":{"start":{"line":31,"column":22},"end":{"line":31,"column":76}},"10":{"start":{"line":32,"column":6},"end":{"line":37,"column":10}},"11":{"start":{"line":39,"column":6},"end":{"line":39,"column":86}},"12":{"start":{"line":41,"column":6},"end":{"line":41,"column":90}},"13":{"start":{"line":43,"column":6},"end":{"line":43,"column":53}},"14":{"start":{"line":44,"column":6},"end":{"line":44,"column":18}},"15":{"start":{"line":54,"column":4},"end":{"line":79,"column":5}},"16":{"start":{"line":55,"column":23},"end":{"line":55,"column":75}},"17":{"start":{"line":56,"column":23},"end":{"line":56,"column":55}},"18":{"start":{"line":58,"column":6},"end":{"line":60,"column":7}},"19":{"start":{"line":59,"column":8},"end":{"line":59,"column":20}},"20":{"start":{"line":62,"column":19},"end":{"line":62,"column":39}},"21":{"start":{"line":65,"column":28},"end":{"line":65,"column":85}},"22":{"start":{"line":66,"column":21},"end":{"line":66,"column":44}},"23":{"start":{"line":67,"column":6},"end":{"line":70,"column":10}},"24":{"start":{"line":71,"column":6},"end":{"line":71,"column":52}},"25":{"start":{"line":73,"column":6},"end":{"line":73,"column":68}},"26":{"start":{"line":75,"column":6},"end":{"line":75,"column":18}},"27":{"start":{"line":77,"column":6},"end":{"line":77,"column":52}},"28":{"start":{"line":78,"column":6},"end":{"line":78,"column":18}},"29":{"start":{"line":89,"column":4},"end":{"line":98,"column":5}},"30":{"start":{"line":90,"column":28},"end":{"line":90,"column":85}},"31":{"start":{"line":91,"column":6},"end":{"line":91,"column":52}},"32":{"start":{"line":93,"column":6},"end":{"line":93,"column":68}},"33":{"start":{"line":94,"column":6},"end":{"line":94,"column":31}},"34":{"start":{"line":96,"column":6},"end":{"line":96,"column":53}},"35":{"start":{"line":97,"column":6},"end":{"line":97,"column":18}},"36":{"start":{"line":107,"column":4},"end":{"line":113,"column":5}},"37":{"start":{"line":108,"column":23},"end":{"line":108,"column":75}},"38":{"start":{"line":109,"column":6},"end":{"line":109,"column":46}},"39":{"start":{"line":111,"column":6},"end":{"line":111,"column":58}},"40":{"start":{"line":112,"column":6},"end":{"line":112,"column":15}},"41":{"start":{"line":122,"column":4},"end":{"line":130,"column":5}},"42":{"start":{"line":123,"column":23},"end":{"line":123,"column":75}},"43":{"start":{"line":124,"column":24},"end":{"line":124,"column":65}},"44":{"start":{"line":126,"column":6},"end":{"line":126,"column":61}},"45":{"start":{"line":126,"column":39},"end":{"line":126,"column":59}},"46":{"start":{"line":128,"column":6},"end":{"line":128,"column":59}},"47":{"start":{"line":129,"column":6},"end":{"line":129,"column":16}},"48":{"start":{"line":138,"column":4},"end":{"line":161,"column":5}},"49":{"start":{"line":139,"column":23},"end":{"line":139,"column":75}},"50":{"start":{"line":140,"column":20},"end":{"line":140,"column":61}},"51":{"start":{"line":142,"column":6},"end":{"line":155,"column":7}},"52":{"start":{"line":143,"column":8},"end":{"line":154,"column":9}},"53":{"start":{"line":144,"column":25},"end":{"line":144,"column":41}},"54":{"start":{"line":145,"column":21},"end":{"line":145,"column":48}},"55":{"start":{"line":146,"column":10},"end":{"line":151,"column":11}},"56":{"start":{"line":148,"column":12},"end":{"line":148,"column":54}},"57":{"start":{"line":149,"column":12},"end":{"line":149,"column":91}},"58":{"start":{"line":150,"column":12},"end":{"line":150,"column":37}},"59":{"start":{"line":157,"column":6},"end":{"line":157,"column":32}},"60":{"start":{"line":159,"column":6},"end":{"line":159,"column":62}},"61":{"start":{"line":160,"column":6},"end":{"line":160,"column":39}},"62":{"start":{"line":170,"column":4},"end":{"line":184,"column":5}},"63":{"start":{"line":171,"column":28},"end":{"line":171,"column":85}},"64":{"start":{"line":172,"column":24},"end":{"line":172,"column":64}},"65":{"start":{"line":174,"column":6},"end":{"line":180,"column":9}},"66":{"start":{"line":175,"column":23},"end":{"line":175,"column":39}},"67":{"start":{"line":176,"column":8},"end":{"line":179,"column":10}},"68":{"start":{"line":182,"column":6},"end":{"line":182,"column":62}},"69":{"start":{"line":183,"column":6},"end":{"line":183,"column":16}},"70":{"start":{"line":195,"column":4},"end":{"line":213,"column":5}},"71":{"start":{"line":196,"column":22},"end":{"line":196,"column":76}},"72":{"start":{"line":198,"column":6},"end":{"line":205,"column":9}},"73":{"start":{"line":199,"column":8},"end":{"line":204,"column":9}},"74":{"start":{"line":200,"column":31},"end":{"line":200,"column":50}},"75":{"start":{"line":201,"column":10},"end":{"line":201,"column":33}},"76":{"start":{"line":203,"column":10},"end":{"line":203,"column":65}},"77":{"start":{"line":207,"column":6},"end":{"line":207,"column":70}},"78":{"start":{"line":209,"column":6},"end":{"line":209,"column":74}},"79":{"start":{"line":211,"column":6},"end":{"line":211,"column":64}},"80":{"start":{"line":212,"column":6},"end":{"line":212,"column":18}},"81":{"start":{"line":222,"column":4},"end":{"line":233,"column":5}},"82":{"start":{"line":223,"column":18},"end":{"line":223,"column":42}},"83":{"start":{"line":224,"column":22},"end":{"line":224,"column":55}},"84":{"start":{"line":226,"column":6},"end":{"line":230,"column":7}},"85":{"start":{"line":227,"column":8},"end":{"line":227,"column":47}},"86":{"start":{"line":228,"column":8},"end":{"line":228,"column":45}},"87":{"start":{"line":229,"column":8},"end":{"line":229,"column":80}},"88":{"start":{"line":232,"column":6},"end":{"line":232,"column":68}},"89":{"start":{"line":242,"column":4},"end":{"line":255,"column":5}},"90":{"start":{"line":243,"column":22},"end":{"line":243,"column":81}},"91":{"start":{"line":244,"column":6},"end":{"line":248,"column":10}},"92":{"start":{"line":250,"column":6},"end":{"line":250,"column":79}},"93":{"start":{"line":251,"column":6},"end":{"line":251,"column":31}},"94":{"start":{"line":253,"column":6},"end":{"line":253,"column":55}},"95":{"start":{"line":254,"column":6},"end":{"line":254,"column":18}},"96":{"start":{"line":264,"column":4},"end":{"line":276,"column":5}},"97":{"start":{"line":265,"column":23},"end":{"line":265,"column":75}},"98":{"start":{"line":266,"column":28},"end":{"line":266,"column":85}},"99":{"start":{"line":268,"column":6},"end":{"line":268,"column":38}},"100":{"start":{"line":269,"column":6},"end":{"line":269,"column":43}},"101":{"start":{"line":271,"column":6},"end":{"line":271,"column":60}},"102":{"start":{"line":272,"column":6},"end":{"line":272,"column":31}},"103":{"start":{"line":274,"column":6},"end":{"line":274,"column":58}},"104":{"start":{"line":275,"column":6},"end":{"line":275,"column":18}},"105":{"start":{"line":284,"column":4},"end":{"line":310,"column":5}},"106":{"start":{"line":286,"column":22},"end":{"line":286,"column":70}},"107":{"start":{"line":287,"column":19},"end":{"line":287,"column":50}},"108":{"start":{"line":289,"column":25},"end":{"line":289,"column":26}},"109":{"start":{"line":290,"column":25},"end":{"line":290,"column":27}},"110":{"start":{"line":292,"column":6},"end":{"line":299,"column":7}},"111":{"start":{"line":293,"column":23},"end":{"line":293,"column":50}},"112":{"start":{"line":294,"column":8},"end":{"line":294,"column":31}},"113":{"start":{"line":297,"column":24},"end":{"line":297,"column":44}},"114":{"start":{"line":298,"column":8},"end":{"line":298,"column":59}},"115":{"start":{"line":301,"column":6},"end":{"line":306,"column":8}},"116":{"start":{"line":308,"column":6},"end":{"line":308,"column":64}},"117":{"start":{"line":309,"column":6},"end":{"line":309,"column":74}},"118":{"start":{"line":314,"column":0},"end":{"line":314,"column":40}}},"fnMap":{"0":{"name":"(anonymous_0)","decl":{"start":{"line":4,"column":2},"end":{"line":4,"column":3}},"loc":{"start":{"line":4,"column":16},"end":{"line":6,"column":3}},"line":4},"1":{"name":"(anonymous_1)","decl":{"start":{"line":14,"column":2},"end":{"line":14,"column":3}},"loc":{"start":{"line":14,"column":45},"end":{"line":46,"column":3}},"line":14},"2":{"name":"(anonymous_2)","decl":{"start":{"line":53,"column":2},"end":{"line":53,"column":3}},"loc":{"start":{"line":53,"column":39},"end":{"line":80,"column":3}},"line":53},"3":{"name":"(anonymous_3)","decl":{"start":{"line":88,"column":2},"end":{"line":88,"column":3}},"loc":{"start":{"line":88,"column":48},"end":{"line":99,"column":3}},"line":88},"4":{"name":"(anonymous_4)","decl":{"start":{"line":106,"column":2},"end":{"line":106,"column":3}},"loc":{"start":{"line":106,"column":42},"end":{"line":114,"column":3}},"line":106},"5":{"name":"(anonymous_5)","decl":{"start":{"line":121,"column":2},"end":{"line":121,"column":3}},"loc":{"start":{"line":121,"column":43},"end":{"line":131,"column":3}},"line":121},"6":{"name":"(anonymous_6)","decl":{"start":{"line":126,"column":27},"end":{"line":126,"column":28}},"loc":{"start":{"line":126,"column":39},"end":{"line":126,"column":59}},"line":126},"7":{"name":"(anonymous_7)","decl":{"start":{"line":137,"column":2},"end":{"line":137,"column":3}},"loc":{"start":{"line":137,"column":55},"end":{"line":162,"column":3}},"line":137},"8":{"name":"(anonymous_8)","decl":{"start":{"line":169,"column":2},"end":{"line":169,"column":3}},"loc":{"start":{"line":169,"column":46},"end":{"line":185,"column":3}},"line":169},"9":{"name":"(anonymous_9)","decl":{"start":{"line":174,"column":43},"end":{"line":174,"column":44}},"loc":{"start":{"line":174,"column":63},"end":{"line":180,"column":7}},"line":174},"10":{"name":"(anonymous_10)","decl":{"start":{"line":194,"column":2},"end":{"line":194,"column":3}},"loc":{"start":{"line":194,"column":59},"end":{"line":214,"column":3}},"line":194},"11":{"name":"(anonymous_11)","decl":{"start":{"line":198,"column":43},"end":{"line":198,"column":44}},"loc":{"start":{"line":198,"column":56},"end":{"line":205,"column":7}},"line":198},"12":{"name":"(anonymous_12)","decl":{"start":{"line":221,"column":2},"end":{"line":221,"column":3}},"loc":{"start":{"line":221,"column":53},"end":{"line":234,"column":3}},"line":221},"13":{"name":"(anonymous_13)","decl":{"start":{"line":241,"column":2},"end":{"line":241,"column":3}},"loc":{"start":{"line":241,"column":46},"end":{"line":256,"column":3}},"line":241},"14":{"name":"(anonymous_14)","decl":{"start":{"line":263,"column":2},"end":{"line":263,"column":3}},"loc":{"start":{"line":263,"column":43},"end":{"line":277,"column":3}},"line":263},"15":{"name":"(anonymous_15)","decl":{"start":{"line":283,"column":2},"end":{"line":283,"column":3}},"loc":{"start":{"line":283,"column":38},"end":{"line":311,"column":3}},"line":283}},"branchMap":{"0":{"loc":{"start":{"line":19,"column":6},"end":{"line":21,"column":7}},"type":"if","locations":[{"start":{"line":19,"column":6},"end":{"line":21,"column":7}},{"start":{},"end":{}}],"line":19},"1":{"loc":{"start":{"line":19,"column":10},"end":{"line":19,"column":55}},"type":"binary-expr","locations":[{"start":{"line":19,"column":10},"end":{"line":19,"column":29}},{"start":{"line":19,"column":33},"end":{"line":19,"column":55}}],"line":19},"2":{"loc":{"start":{"line":35,"column":16},"end":{"line":35,"column":39}},"type":"binary-expr","locations":[{"start":{"line":35,"column":16},"end":{"line":35,"column":23}},{"start":{"line":35,"column":27},"end":{"line":35,"column":39}}],"line":35},"3":{"loc":{"start":{"line":39,"column":29},"end":{"line":39,"column":52}},"type":"binary-expr","locations":[{"start":{"line":39,"column":29},"end":{"line":39,"column":36}},{"start":{"line":39,"column":40},"end":{"line":39,"column":52}}],"line":39},"4":{"loc":{"start":{"line":58,"column":6},"end":{"line":60,"column":7}},"type":"if","locations":[{"start":{"line":58,"column":6},"end":{"line":60,"column":7}},{"start":{},"end":{}}],"line":58},"5":{"loc":{"start":{"line":66,"column":21},"end":{"line":66,"column":44}},"type":"binary-expr","locations":[{"start":{"line":66,"column":21},"end":{"line":66,"column":28}},{"start":{"line":66,"column":32},"end":{"line":66,"column":44}}],"line":66},"6":{"loc":{"start":{"line":145,"column":21},"end":{"line":145,"column":48}},"type":"binary-expr","locations":[{"start":{"line":145,"column":21},"end":{"line":145,"column":30}},{"start":{"line":145,"column":34},"end":{"line":145,"column":48}}],"line":145},"7":{"loc":{"start":{"line":146,"column":10},"end":{"line":151,"column":11}},"type":"if","locations":[{"start":{"line":146,"column":10},"end":{"line":151,"column":11}},{"start":{},"end":{}}],"line":146},"8":{"loc":{"start":{"line":226,"column":6},"end":{"line":230,"column":7}},"type":"if","locations":[{"start":{"line":226,"column":6},"end":{"line":230,"column":7}},{"start":{},"end":{}}],"line":226}},"s":{"0":1,"1":1,"2":1,"3":1,"4":1,"5":1,"6":1,"7":1,"8":1,"9":1,"10":1,"11":1,"12":1,"13":0,"14":0,"15":1,"16":1,"17":1,"18":1,"19":0,"20":1,"21":1,"22":1,"23":1,"24":1,"25":1,"26":1,"27":0,"28":0,"29":0,"30":0,"31":0,"32":0,"33":0,"34":0,"35":0,"36":1,"37":1,"38":1,"39":0,"40":0,"41":0,"42":0,"43":0,"44":0,"45":0,"46":0,"47":0,"48":0,"49":0,"50":0,"51":0,"52":0,"53":0,"54":0,"55":0,"56":0,"57":0,"58":0,"59":0,"60":0,"61":0,"62":0,"63":0,"64":0,"65":0,"66":0,"67":0,"68":0,"69":0,"70":0,"71":0,"72":0,"73":0,"74":0,"75":0,"76":0,"77":0,"78":0,"79":0,"80":0,"81":0,"82":0,"83":0,"84":0,"85":0,"86":0,"87":0,"88":0,"89":0,"90":0,"91":0,"92":0,"93":0,"94":0,"95":0,"96":0,"97":0,"98":0,"99":0,"100":0,"101":0,"102":0,"103":0,"104":0,"105":0,"106":0,"107":0,"108":0,"109":0,"110":0,"111":0,"112":0,"113":0,"114":0,"115":0,"116":0,"117":0,"118":1},"f":{"0":1,"1":1,"2":1,"3":0,"4":1,"5":0,"6":0,"7":0,"8":0,"9":0,"10":0,"11":0,"12":0,"13":0,"14":0,"15":0},"b":{"0":[1,0],"1":[1,1],"2":[1,0],"3":[1,0],"4":[0,1],"5":[1,0],"6":[0,0],"7":[0,0],"8":[0,0]},"_coverageSchema":"1a1c01bbd47fc00a2c39e90264f33305004495a9","hash":"886b51a6a14be3a0b2935bc5c0e6c920c1d0b99f"}
,"C:\\Users\\Nikol\\Gla1v3\\backend\\services\\taskService.js": {"path":"C:\\Users\\Nikol\\Gla1v3\\backend\\services\\taskService.js","statementMap":{"0":{"start":{"line":2,"column":18},"end":{"line":2,"column":43}},"1":{"start":{"line":6,"column":4},"end":{"line":6,"column":74}},"2":{"start":{"line":10,"column":4},"end":{"line":10,"column":55}},"3":{"start":{"line":14,"column":18},"end":{"line":14,"column":57}},"4":{"start":{"line":15,"column":24},"end":{"line":15,"column":51}},"5":{"start":{"line":18,"column":21},"end":{"line":39,"column":7}},"6":{"start":{"line":19,"column":21},"end":{"line":19,"column":61}},"7":{"start":{"line":20,"column":6},"end":{"line":38,"column":8}},"8":{"start":{"line":41,"column":4},"end":{"line":41,"column":20}},"9":{"start":{"line":45,"column":4},"end":{"line":45,"column":72}},"10":{"start":{"line":49,"column":4},"end":{"line":49,"column":49}},"11":{"start":{"line":53,"column":0},"end":{"line":53,"column":29}}},"fnMap":{"0":{"name":"(anonymous_0)","decl":{"start":{"line":5,"column":2},"end":{"line":5,"column":3}},"loc":{"start":{"line":5,"column":73},"end":{"line":7,"column":3}},"line":5},"1":{"name":"(anonymous_1)","decl":{"start":{"line":9,"column":2},"end":{"line":9,"column":3}},"loc":{"start":{"line":9,"column":40},"end":{"line":11,"column":3}},"line":9},"2":{"name":"(anonymous_2)","decl":{"start":{"line":13,"column":2},"end":{"line":13,"column":3}},"loc":{"start":{"line":13,"column":36},"end":{"line":42,"column":3}},"line":13},"3":{"name":"(anonymous_3)","decl":{"start":{"line":18,"column":49},"end":{"line":18,"column":50}},"loc":{"start":{"line":18,"column":62},"end":{"line":39,"column":5}},"line":18},"4":{"name":"(anonymous_4)","decl":{"start":{"line":44,"column":2},"end":{"line":44,"column":3}},"loc":{"start":{"line":44,"column":71},"end":{"line":46,"column":3}},"line":44},"5":{"name":"(anonymous_5)","decl":{"start":{"line":48,"column":2},"end":{"line":48,"column":3}},"loc":{"start":{"line":48,"column":37},"end":{"line":50,"column":3}},"line":48}},"branchMap":{"0":{"loc":{"start":{"line":5,"column":55},"end":{"line":5,"column":71}},"type":"default-arg","locations":[{"start":{"line":5,"column":67},"end":{"line":5,"column":71}}],"line":5},"1":{"loc":{"start":{"line":23,"column":16},"end":{"line":23,"column":45}},"type":"cond-expr","locations":[{"start":{"line":23,"column":25},"end":{"line":23,"column":38}},{"start":{"line":23,"column":41},"end":{"line":23,"column":45}}],"line":23},"2":{"loc":{"start":{"line":24,"column":15},"end":{"line":24,"column":51}},"type":"cond-expr","locations":[{"start":{"line":24,"column":24},"end":{"line":24,"column":44}},{"start":{"line":24,"column":47},"end":{"line":24,"column":51}}],"line":24},"3":{"loc":{"start":{"line":26,"column":19},"end":{"line":26,"column":39}},"type":"binary-expr","locations":[{"start":{"line":26,"column":19},"end":{"line":26,"column":31}},{"start":{"line":26,"column":35},"end":{"line":26,"column":39}}],"line":26},"4":{"loc":{"start":{"line":27,"column":21},"end":{"line":27,"column":43}},"type":"binary-expr","locations":[{"start":{"line":27,"column":21},"end":{"line":27,"column":35}},{"start":{"line":27,"column":39},"end":{"line":27,"column":43}}],"line":27},"5":{"loc":{"start":{"line":30,"column":14},"end":{"line":30,"column":71}},"type":"binary-expr","locations":[{"start":{"line":30,"column":14},"end":{"line":30,"column":25}},{"start":{"line":30,"column":30},"end":{"line":30,"column":70}}],"line":30},"6":{"loc":{"start":{"line":30,"column":30},"end":{"line":30,"column":70}},"type":"cond-expr","locations":[{"start":{"line":30,"column":48},"end":{"line":30,"column":58}},{"start":{"line":30,"column":61},"end":{"line":30,"column":70}}],"line":30},"7":{"loc":{"start":{"line":31,"column":18},"end":{"line":31,"column":51}},"type":"binary-expr","locations":[{"start":{"line":31,"column":18},"end":{"line":31,"column":29}},{"start":{"line":31,"column":33},"end":{"line":31,"column":43}},{"start":{"line":31,"column":47},"end":{"line":31,"column":51}}],"line":31},"8":{"loc":{"start":{"line":32,"column":22},"end":{"line":32,"column":63}},"type":"binary-expr","locations":[{"start":{"line":32,"column":22},"end":{"line":32,"column":37}},{"start":{"line":32,"column":41},"end":{"line":32,"column":55}},{"start":{"line":32,"column":59},"end":{"line":32,"column":63}}],"line":32},"9":{"loc":{"start":{"line":33,"column":13},"end":{"line":33,"column":39}},"type":"binary-expr","locations":[{"start":{"line":33,"column":13},"end":{"line":33,"column":22}},{"start":{"line":33,"column":26},"end":{"line":33,"column":31}},{"start":{"line":33,"column":35},"end":{"line":33,"column":39}}],"line":33},"10":{"loc":{"start":{"line":44,"column":57},"end":{"line":44,"column":69}},"type":"default-arg","locations":[{"start":{"line":44,"column":65},"end":{"line":44,"column":69}}],"line":44}},"s":{"0":1,"1":0,"2":0,"3":1,"4":1,"5":1,"6":1,"7":1,"8":1,"9":0,"10":0,"11":1},"f":{"0":0,"1":0,"2":1,"3":1,"4":0,"5":0},"b":{"0":[0],"1":[1,0],"2":[1,0],"3":[1,1],"4":[1,1],"5":[1,0],"6":[0,0],"7":[1,0,0],"8":[1,0,0],"9":[1,1,1],"10":[0]},"_coverageSchema":"1a1c01bbd47fc00a2c39e90264f33305004495a9","hash":"aaaafb5135da7b92569cfe23451d8e59ba5034d1"}
,"C:\\Users\\Nikol\\Gla1v3\\backend\\services\\tokenBlacklistService.js": {"path":"C:\\Users\\Nikol\\Gla1v3\\backend\\services\\tokenBlacklistService.js","statementMap":{"0":{"start":{"line":1,"column":20},"end":{"line":1,"column":51}},"1":{"start":{"line":2,"column":12},"end":{"line":2,"column":35}},"2":{"start":{"line":3,"column":18},"end":{"line":3,"column":45}},"3":{"start":{"line":4,"column":17},"end":{"line":4,"column":45}},"4":{"start":{"line":16,"column":4},"end":{"line":127,"column":5}},"5":{"start":{"line":18,"column":6},"end":{"line":39,"column":7}},"6":{"start":{"line":19,"column":8},"end":{"line":38,"column":9}},"7":{"start":{"line":20,"column":26},"end":{"line":20,"column":43}},"8":{"start":{"line":21,"column":10},"end":{"line":33,"column":11}},"9":{"start":{"line":22,"column":24},"end":{"line":22,"column":53}},"10":{"start":{"line":23,"column":12},"end":{"line":23,"column":36}},"11":{"start":{"line":26,"column":12},"end":{"line":29,"column":13}},"12":{"start":{"line":27,"column":14},"end":{"line":27,"column":92}},"13":{"start":{"line":28,"column":14},"end":{"line":28,"column":61}},"14":{"start":{"line":32,"column":12},"end":{"line":32,"column":35}},"15":{"start":{"line":35,"column":10},"end":{"line":35,"column":62}},"16":{"start":{"line":37,"column":10},"end":{"line":37,"column":33}},"17":{"start":{"line":41,"column":18},"end":{"line":41,"column":74}},"18":{"start":{"line":42,"column":6},"end":{"line":42,"column":107}},"19":{"start":{"line":44,"column":23},"end":{"line":49,"column":8}},"20":{"start":{"line":51,"column":6},"end":{"line":51,"column":48}},"21":{"start":{"line":54,"column":21},"end":{"line":54,"column":76}},"22":{"start":{"line":55,"column":6},"end":{"line":55,"column":46}},"23":{"start":{"line":58,"column":24},"end":{"line":58,"column":57}},"24":{"start":{"line":59,"column":6},"end":{"line":75,"column":7}},"25":{"start":{"line":65,"column":8},"end":{"line":71,"column":10}},"26":{"start":{"line":72,"column":8},"end":{"line":72,"column":75}},"27":{"start":{"line":74,"column":8},"end":{"line":74,"column":75}},"28":{"start":{"line":78,"column":6},"end":{"line":119,"column":7}},"29":{"start":{"line":79,"column":28},"end":{"line":82,"column":9}},"30":{"start":{"line":84,"column":8},"end":{"line":97,"column":9}},"31":{"start":{"line":85,"column":25},"end":{"line":85,"column":52}},"32":{"start":{"line":86,"column":10},"end":{"line":86,"column":90}},"33":{"start":{"line":88,"column":35},"end":{"line":88,"column":107}},"34":{"start":{"line":90,"column":10},"end":{"line":94,"column":11}},"35":{"start":{"line":91,"column":12},"end":{"line":91,"column":84}},"36":{"start":{"line":93,"column":12},"end":{"line":93,"column":115}},"37":{"start":{"line":96,"column":10},"end":{"line":96,"column":102}},"38":{"start":{"line":100,"column":27},"end":{"line":100,"column":51}},"39":{"start":{"line":101,"column":8},"end":{"line":115,"column":9}},"40":{"start":{"line":102,"column":10},"end":{"line":114,"column":11}},"41":{"start":{"line":103,"column":32},"end":{"line":103,"column":68}},"42":{"start":{"line":104,"column":24},"end":{"line":104,"column":95}},"43":{"start":{"line":106,"column":12},"end":{"line":106,"column":113}},"44":{"start":{"line":108,"column":30},"end":{"line":108,"column":91}},"45":{"start":{"line":109,"column":12},"end":{"line":109,"column":119}},"46":{"start":{"line":111,"column":12},"end":{"line":111,"column":108}},"47":{"start":{"line":113,"column":12},"end":{"line":113,"column":98}},"48":{"start":{"line":117,"column":8},"end":{"line":117,"column":105}},"49":{"start":{"line":121,"column":6},"end":{"line":121,"column":82}},"50":{"start":{"line":123,"column":6},"end":{"line":123,"column":72}},"51":{"start":{"line":125,"column":6},"end":{"line":125,"column":62}},"52":{"start":{"line":126,"column":6},"end":{"line":126,"column":18}},"53":{"start":{"line":137,"column":4},"end":{"line":147,"column":5}},"54":{"start":{"line":138,"column":18},"end":{"line":138,"column":74}},"55":{"start":{"line":139,"column":6},"end":{"line":139,"column":111}},"56":{"start":{"line":140,"column":21},"end":{"line":140,"column":50}},"57":{"start":{"line":141,"column":6},"end":{"line":141,"column":89}},"58":{"start":{"line":142,"column":6},"end":{"line":142,"column":26}},"59":{"start":{"line":144,"column":6},"end":{"line":144,"column":62}},"60":{"start":{"line":146,"column":6},"end":{"line":146,"column":19}},"61":{"start":{"line":156,"column":4},"end":{"line":174,"column":5}},"62":{"start":{"line":157,"column":18},"end":{"line":157,"column":74}},"63":{"start":{"line":158,"column":23},"end":{"line":158,"column":49}},"64":{"start":{"line":160,"column":6},"end":{"line":162,"column":7}},"65":{"start":{"line":161,"column":8},"end":{"line":161,"column":20}},"66":{"start":{"line":164,"column":18},"end":{"line":164,"column":44}},"67":{"start":{"line":165,"column":19},"end":{"line":165,"column":39}},"68":{"start":{"line":167,"column":6},"end":{"line":170,"column":8}},"69":{"start":{"line":172,"column":6},"end":{"line":172,"column":60}},"70":{"start":{"line":173,"column":6},"end":{"line":173,"column":18}},"71":{"start":{"line":183,"column":4},"end":{"line":198,"column":5}},"72":{"start":{"line":184,"column":6},"end":{"line":184,"column":37}},"73":{"start":{"line":184,"column":24},"end":{"line":184,"column":37}},"74":{"start":{"line":186,"column":6},"end":{"line":190,"column":7}},"75":{"start":{"line":187,"column":20},"end":{"line":187,"column":91}},"76":{"start":{"line":188,"column":23},"end":{"line":188,"column":52}},"77":{"start":{"line":189,"column":8},"end":{"line":189,"column":38}},"78":{"start":{"line":189,"column":26},"end":{"line":189,"column":38}},"79":{"start":{"line":192,"column":24},"end":{"line":192,"column":85}},"80":{"start":{"line":193,"column":22},"end":{"line":193,"column":57}},"81":{"start":{"line":194,"column":6},"end":{"line":194,"column":27}},"82":{"start":{"line":196,"column":6},"end":{"line":196,"column":79}},"83":{"start":{"line":197,"column":6},"end":{"line":197,"column":19}},"84":{"start":{"line":207,"column":4},"end":{"line":233,"column":5}},"85":{"start":{"line":208,"column":18},"end":{"line":208,"column":74}},"86":{"start":{"line":209,"column":6},"end":{"line":209,"column":33}},"87":{"start":{"line":212,"column":21},"end":{"line":212,"column":76}},"88":{"start":{"line":213,"column":6},"end":{"line":213,"column":46}},"89":{"start":{"line":216,"column":6},"end":{"line":226,"column":7}},"90":{"start":{"line":217,"column":8},"end":{"line":222,"column":10}},"91":{"start":{"line":223,"column":8},"end":{"line":223,"column":83}},"92":{"start":{"line":225,"column":8},"end":{"line":225,"column":77}},"93":{"start":{"line":228,"column":6},"end":{"line":228,"column":63}},"94":{"start":{"line":229,"column":6},"end":{"line":229,"column":31}},"95":{"start":{"line":231,"column":6},"end":{"line":231,"column":61}},"96":{"start":{"line":232,"column":6},"end":{"line":232,"column":18}},"97":{"start":{"line":241,"column":4},"end":{"line":260,"column":5}},"98":{"start":{"line":242,"column":21},"end":{"line":242,"column":76}},"99":{"start":{"line":243,"column":23},"end":{"line":243,"column":57}},"100":{"start":{"line":245,"column":32},"end":{"line":245,"column":34}},"101":{"start":{"line":246,"column":6},"end":{"line":254,"column":7}},"102":{"start":{"line":247,"column":21},"end":{"line":247,"column":67}},"103":{"start":{"line":248,"column":8},"end":{"line":253,"column":9}},"104":{"start":{"line":249,"column":10},"end":{"line":252,"column":13}},"105":{"start":{"line":256,"column":6},"end":{"line":256,"column":31}},"106":{"start":{"line":258,"column":6},"end":{"line":258,"column":64}},"107":{"start":{"line":259,"column":6},"end":{"line":259,"column":16}},"108":{"start":{"line":270,"column":4},"end":{"line":305,"column":5}},"109":{"start":{"line":272,"column":16},"end":{"line":272,"column":28}},"110":{"start":{"line":273,"column":6},"end":{"line":285,"column":7}},"111":{"start":{"line":274,"column":24},"end":{"line":274,"column":41}},"112":{"start":{"line":275,"column":8},"end":{"line":282,"column":9}},"113":{"start":{"line":276,"column":22},"end":{"line":276,"column":51}},"114":{"start":{"line":277,"column":10},"end":{"line":277,"column":34}},"115":{"start":{"line":279,"column":10},"end":{"line":281,"column":11}},"116":{"start":{"line":280,"column":12},"end":{"line":280,"column":59}},"117":{"start":{"line":284,"column":8},"end":{"line":284,"column":57}},"118":{"start":{"line":288,"column":22},"end":{"line":288,"column":39}},"119":{"start":{"line":289,"column":22},"end":{"line":289,"column":60}},"120":{"start":{"line":291,"column":18},"end":{"line":291,"column":63}},"121":{"start":{"line":292,"column":23},"end":{"line":296,"column":8}},"122":{"start":{"line":298,"column":6},"end":{"line":298,"column":48}},"123":{"start":{"line":300,"column":6},"end":{"line":300,"column":68}},"124":{"start":{"line":301,"column":6},"end":{"line":301,"column":36}},"125":{"start":{"line":303,"column":6},"end":{"line":303,"column":61}},"126":{"start":{"line":304,"column":6},"end":{"line":304,"column":18}},"127":{"start":{"line":313,"column":4},"end":{"line":323,"column":5}},"128":{"start":{"line":314,"column":22},"end":{"line":314,"column":39}},"129":{"start":{"line":315,"column":22},"end":{"line":315,"column":60}},"130":{"start":{"line":317,"column":18},"end":{"line":317,"column":63}},"131":{"start":{"line":318,"column":21},"end":{"line":318,"column":50}},"132":{"start":{"line":319,"column":6},"end":{"line":319,"column":26}},"133":{"start":{"line":321,"column":6},"end":{"line":321,"column":67}},"134":{"start":{"line":322,"column":6},"end":{"line":322,"column":19}},"135":{"start":{"line":331,"column":4},"end":{"line":369,"column":5}},"136":{"start":{"line":332,"column":21},"end":{"line":337,"column":7}},"137":{"start":{"line":339,"column":19},"end":{"line":339,"column":20}},"138":{"start":{"line":340,"column":6},"end":{"line":362,"column":7}},"139":{"start":{"line":341,"column":20},"end":{"line":343,"column":28}},"140":{"start":{"line":345,"column":8},"end":{"line":361,"column":9}},"141":{"start":{"line":346,"column":22},"end":{"line":346,"column":88}},"142":{"start":{"line":347,"column":27},"end":{"line":352,"column":12}},"143":{"start":{"line":354,"column":10},"end":{"line":354,"column":52}},"144":{"start":{"line":357,"column":25},"end":{"line":357,"column":85}},"145":{"start":{"line":358,"column":10},"end":{"line":358,"column":55}},"146":{"start":{"line":360,"column":10},"end":{"line":360,"column":19}},"147":{"start":{"line":364,"column":6},"end":{"line":364,"column":81}},"148":{"start":{"line":365,"column":6},"end":{"line":365,"column":39}},"149":{"start":{"line":367,"column":6},"end":{"line":367,"column":72}},"150":{"start":{"line":368,"column":6},"end":{"line":368,"column":54}},"151":{"start":{"line":373,"column":0},"end":{"line":373,"column":45}}},"fnMap":{"0":{"name":"(anonymous_0)","decl":{"start":{"line":15,"column":2},"end":{"line":15,"column":3}},"loc":{"start":{"line":15,"column":74},"end":{"line":128,"column":3}},"line":15},"1":{"name":"(anonymous_1)","decl":{"start":{"line":136,"column":2},"end":{"line":136,"column":3}},"loc":{"start":{"line":136,"column":46},"end":{"line":148,"column":3}},"line":136},"2":{"name":"(anonymous_2)","decl":{"start":{"line":155,"column":2},"end":{"line":155,"column":3}},"loc":{"start":{"line":155,"column":44},"end":{"line":175,"column":3}},"line":155},"3":{"name":"(anonymous_3)","decl":{"start":{"line":182,"column":2},"end":{"line":182,"column":3}},"loc":{"start":{"line":182,"column":63},"end":{"line":199,"column":3}},"line":182},"4":{"name":"(anonymous_4)","decl":{"start":{"line":206,"column":2},"end":{"line":206,"column":3}},"loc":{"start":{"line":206,"column":47},"end":{"line":234,"column":3}},"line":206},"5":{"name":"(anonymous_5)","decl":{"start":{"line":240,"column":2},"end":{"line":240,"column":3}},"loc":{"start":{"line":240,"column":39},"end":{"line":261,"column":3}},"line":240},"6":{"name":"(anonymous_6)","decl":{"start":{"line":269,"column":2},"end":{"line":269,"column":3}},"loc":{"start":{"line":269,"column":50},"end":{"line":306,"column":3}},"line":269},"7":{"name":"(anonymous_7)","decl":{"start":{"line":312,"column":2},"end":{"line":312,"column":3}},"loc":{"start":{"line":312,"column":38},"end":{"line":324,"column":3}},"line":312},"8":{"name":"(anonymous_8)","decl":{"start":{"line":330,"column":2},"end":{"line":330,"column":3}},"loc":{"start":{"line":330,"column":27},"end":{"line":370,"column":3}},"line":330}},"branchMap":{"0":{"loc":{"start":{"line":15,"column":62},"end":{"line":15,"column":72}},"type":"default-arg","locations":[{"start":{"line":15,"column":68},"end":{"line":15,"column":72}}],"line":15},"1":{"loc":{"start":{"line":18,"column":6},"end":{"line":39,"column":7}},"type":"if","locations":[{"start":{"line":18,"column":6},"end":{"line":39,"column":7}},{"start":{},"end":{}}],"line":18},"2":{"loc":{"start":{"line":21,"column":10},"end":{"line":33,"column":11}},"type":"if","locations":[{"start":{"line":21,"column":10},"end":{"line":33,"column":11}},{"start":{"line":30,"column":17},"end":{"line":33,"column":11}}],"line":21},"3":{"loc":{"start":{"line":21,"column":14},"end":{"line":21,"column":36}},"type":"binary-expr","locations":[{"start":{"line":21,"column":14},"end":{"line":21,"column":21}},{"start":{"line":21,"column":25},"end":{"line":21,"column":36}}],"line":21},"4":{"loc":{"start":{"line":26,"column":12},"end":{"line":29,"column":13}},"type":"if","locations":[{"start":{"line":26,"column":12},"end":{"line":29,"column":13}},{"start":{},"end":{}}],"line":26},"5":{"loc":{"start":{"line":48,"column":19},"end":{"line":48,"column":79}},"type":"cond-expr","locations":[{"start":{"line":48,"column":25},"end":{"line":48,"column":72}},{"start":{"line":48,"column":75},"end":{"line":48,"column":79}}],"line":48},"6":{"loc":{"start":{"line":84,"column":8},"end":{"line":97,"column":9}},"type":"if","locations":[{"start":{"line":84,"column":8},"end":{"line":97,"column":9}},{"start":{"line":95,"column":15},"end":{"line":97,"column":9}}],"line":84},"7":{"loc":{"start":{"line":84,"column":12},"end":{"line":84,"column":70}},"type":"binary-expr","locations":[{"start":{"line":84,"column":12},"end":{"line":84,"column":39}},{"start":{"line":84,"column":43},"end":{"line":84,"column":70}}],"line":84},"8":{"loc":{"start":{"line":90,"column":10},"end":{"line":94,"column":11}},"type":"if","locations":[{"start":{"line":90,"column":10},"end":{"line":94,"column":11}},{"start":{"line":92,"column":17},"end":{"line":94,"column":11}}],"line":90},"9":{"loc":{"start":{"line":101,"column":8},"end":{"line":115,"column":9}},"type":"if","locations":[{"start":{"line":101,"column":8},"end":{"line":115,"column":9}},{"start":{},"end":{}}],"line":101},"10":{"loc":{"start":{"line":101,"column":12},"end":{"line":101,"column":118}},"type":"binary-expr","locations":[{"start":{"line":101,"column":12},"end":{"line":101,"column":47}},{"start":{"line":101,"column":51},"end":{"line":101,"column":78}},{"start":{"line":101,"column":82},"end":{"line":101,"column":118}}],"line":101},"11":{"loc":{"start":{"line":160,"column":6},"end":{"line":162,"column":7}},"type":"if","locations":[{"start":{"line":160,"column":6},"end":{"line":162,"column":7}},{"start":{},"end":{}}],"line":160},"12":{"loc":{"start":{"line":182,"column":46},"end":{"line":182,"column":61}},"type":"default-arg","locations":[{"start":{"line":182,"column":57},"end":{"line":182,"column":61}}],"line":182},"13":{"loc":{"start":{"line":184,"column":6},"end":{"line":184,"column":37}},"type":"if","locations":[{"start":{"line":184,"column":6},"end":{"line":184,"column":37}},{"start":{},"end":{}}],"line":184},"14":{"loc":{"start":{"line":186,"column":6},"end":{"line":190,"column":7}},"type":"if","locations":[{"start":{"line":186,"column":6},"end":{"line":190,"column":7}},{"start":{},"end":{}}],"line":186},"15":{"loc":{"start":{"line":189,"column":8},"end":{"line":189,"column":38}},"type":"if","locations":[{"start":{"line":189,"column":8},"end":{"line":189,"column":38}},{"start":{},"end":{}}],"line":189},"16":{"loc":{"start":{"line":248,"column":8},"end":{"line":253,"column":9}},"type":"if","locations":[{"start":{"line":248,"column":8},"end":{"line":253,"column":9}},{"start":{},"end":{}}],"line":248},"17":{"loc":{"start":{"line":275,"column":8},"end":{"line":282,"column":9}},"type":"if","locations":[{"start":{"line":275,"column":8},"end":{"line":282,"column":9}},{"start":{},"end":{}}],"line":275},"18":{"loc":{"start":{"line":275,"column":12},"end":{"line":275,"column":34}},"type":"binary-expr","locations":[{"start":{"line":275,"column":12},"end":{"line":275,"column":19}},{"start":{"line":275,"column":23},"end":{"line":275,"column":34}}],"line":275},"19":{"loc":{"start":{"line":279,"column":10},"end":{"line":281,"column":11}},"type":"if","locations":[{"start":{"line":279,"column":10},"end":{"line":281,"column":11}},{"start":{},"end":{}}],"line":279},"20":{"loc":{"start":{"line":289,"column":22},"end":{"line":289,"column":60}},"type":"binary-expr","locations":[{"start":{"line":289,"column":22},"end":{"line":289,"column":34}},{"start":{"line":289,"column":38},"end":{"line":289,"column":60}}],"line":289},"21":{"loc":{"start":{"line":315,"column":22},"end":{"line":315,"column":60}},"type":"binary-expr","locations":[{"start":{"line":315,"column":22},"end":{"line":315,"column":34}},{"start":{"line":315,"column":38},"end":{"line":315,"column":60}}],"line":315},"22":{"loc":{"start":{"line":341,"column":20},"end":{"line":343,"column":28}},"type":"cond-expr","locations":[{"start":{"line":342,"column":12},"end":{"line":342,"column":70}},{"start":{"line":343,"column":12},"end":{"line":343,"column":28}}],"line":341},"23":{"loc":{"start":{"line":345,"column":8},"end":{"line":361,"column":9}},"type":"if","locations":[{"start":{"line":345,"column":8},"end":{"line":361,"column":9}},{"start":{},"end":{}}],"line":345}},"s":{"0":1,"1":1,"2":1,"3":1,"4":2,"5":2,"6":0,"7":0,"8":0,"9":0,"10":0,"11":0,"12":0,"13":0,"14":0,"15":0,"16":0,"17":2,"18":2,"19":2,"20":2,"21":2,"22":2,"23":2,"24":2,"25":2,"26":2,"27":0,"28":2,"29":2,"30":2,"31":1,"32":1,"33":1,"34":1,"35":1,"36":0,"37":1,"38":2,"39":2,"40":1,"41":1,"42":1,"43":1,"44":1,"45":1,"46":1,"47":0,"48":0,"49":2,"50":2,"51":0,"52":0,"53":0,"54":0,"55":0,"56":0,"57":0,"58":0,"59":0,"60":0,"61":0,"62":0,"63":0,"64":0,"65":0,"66":0,"67":0,"68":0,"69":0,"70":0,"71":2,"72":2,"73":0,"74":2,"75":2,"76":2,"77":2,"78":1,"79":1,"80":1,"81":1,"82":0,"83":0,"84":0,"85":0,"86":0,"87":0,"88":0,"89":0,"90":0,"91":0,"92":0,"93":0,"94":0,"95":0,"96":0,"97":0,"98":0,"99":0,"100":0,"101":0,"102":0,"103":0,"104":0,"105":0,"106":0,"107":0,"108":0,"109":0,"110":0,"111":0,"112":0,"113":0,"114":0,"115":0,"116":0,"117":0,"118":0,"119":0,"120":0,"121":0,"122":0,"123":0,"124":0,"125":0,"126":0,"127":0,"128":0,"129":0,"130":0,"131":0,"132":0,"133":0,"134":0,"135":0,"136":0,"137":0,"138":0,"139":0,"140":0,"141":0,"142":0,"143":0,"144":0,"145":0,"146":0,"147":0,"148":0,"149":0,"150":0,"151":1},"f":{"0":2,"1":0,"2":0,"3":2,"4":0,"5":0,"6":0,"7":0,"8":0},"b":{"0":[0],"1":[0,2],"2":[0,0],"3":[0,0],"4":[0,0],"5":[2,0],"6":[1,1],"7":[2,2],"8":[1,0],"9":[1,1],"10":[2,1,1],"11":[0,0],"12":[0],"13":[0,2],"14":[2,0],"15":[1,1],"16":[0,0],"17":[0,0],"18":[0,0],"19":[0,0],"20":[0,0],"21":[0,0],"22":[0,0],"23":[0,0]},"_coverageSchema":"1a1c01bbd47fc00a2c39e90264f33305004495a9","hash":"d909f7ba620524a2f3b26174bcc8335729f59443"}
}
