TN:
SF:config\env.js
FN:20,validateSecrets
FN:57,(anonymous_1)
FNF:2
FNH:0
FNDA:0,validateSecrets
FNDA:0,(anonymous_1)
DA:2,12
DA:4,12
DA:11,12
DA:21,0
DA:22,0
DA:24,0
DA:25,0
DA:26,0
DA:29,0
DA:31,0
DA:32,0
DA:34,0
DA:35,0
DA:36,0
DA:39,0
DA:40,0
DA:41,0
DA:42,0
DA:43,0
DA:47,0
DA:48,0
DA:52,0
DA:53,0
DA:54,0
DA:55,0
DA:57,0
DA:59,0
DA:60,0
DA:61,0
DA:62,0
DA:63,0
DA:65,0
DA:68,0
DA:71,12
DA:97,12
LF:35
LH:5
BRDA:24,0,0,0
BRDA:24,0,1,0
BRDA:24,1,0,0
BRDA:24,1,1,0
BRDA:34,2,0,0
BRDA:34,2,1,0
BRDA:34,3,0,0
BRDA:34,3,1,0
BRDA:41,4,0,0
BRDA:41,4,1,0
BRDA:47,5,0,0
BRDA:47,5,1,0
BRDA:52,6,0,0
BRDA:52,6,1,0
BRDA:72,7,0,12
BRDA:72,7,1,0
BRDA:73,8,0,12
BRDA:73,8,1,12
BRDA:84,9,0,12
BRDA:84,9,1,12
BRDA:85,10,0,12
BRDA:85,10,1,12
BRDA:86,11,0,12
BRDA:86,11,1,12
BRDA:87,12,0,12
BRDA:87,12,1,12
BRDA:91,13,0,12
BRDA:91,13,1,12
BRF:28
BRH:13
end_of_record
TN:
SF:models\Task.js
FN:6,(anonymous_0)
FN:56,(anonymous_1)
FN:64,(anonymous_2)
FN:72,(anonymous_3)
FN:80,(anonymous_4)
FN:88,(anonymous_5)
FN:103,(anonymous_6)
FN:123,(anonymous_7)
FN:136,(anonymous_8)
FN:151,(anonymous_9)
FNF:10
FNH:2
FNDA:0,(anonymous_0)
FNDA:0,(anonymous_1)
FNDA:0,(anonymous_2)
FNDA:0,(anonymous_3)
FNDA:1,(anonymous_4)
FNDA:0,(anonymous_5)
FNDA:1,(anonymous_6)
FNDA:0,(anonymous_7)
FNDA:0,(anonymous_8)
FNDA:0,(anonymous_9)
DA:2,1
DA:3,1
DA:11,0
DA:13,0
DA:14,0
DA:31,0
DA:32,0
DA:36,0
DA:52,0
DA:53,0
DA:57,0
DA:61,0
DA:65,0
DA:69,0
DA:73,0
DA:77,0
DA:81,1
DA:85,1
DA:90,0
DA:91,0
DA:92,0
DA:94,0
DA:96,0
DA:100,0
DA:105,1
DA:108,1
DA:119,1
DA:120,1
DA:124,0
DA:129,0
DA:130,0
DA:133,0
DA:137,0
DA:138,0
DA:140,0
DA:141,0
DA:142,0
DA:145,0
DA:147,0
DA:148,0
DA:152,0
DA:153,0
DA:155,0
DA:156,0
DA:157,0
DA:160,0
DA:162,0
DA:163,0
DA:167,1
LF:49
LH:9
BRDA:6,0,0,0
BRDA:11,1,0,0
BRDA:11,1,1,0
BRDA:11,1,2,0
BRDA:13,2,0,0
BRDA:13,2,1,0
BRDA:24,3,0,0
BRDA:24,3,1,0
BRDA:25,4,0,0
BRDA:25,4,1,0
BRDA:46,5,0,0
BRDA:46,5,1,0
BRDA:85,6,0,1
BRDA:85,6,1,0
BRDA:91,7,0,0
BRDA:91,7,1,0
BRDA:92,8,0,0
BRDA:92,8,1,0
BRDA:92,9,0,0
BRDA:92,9,1,0
BRDA:100,10,0,0
BRDA:100,10,1,0
BRDA:103,11,0,0
BRDA:105,12,0,0
BRDA:105,12,1,1
BRDA:105,13,0,1
BRDA:105,13,1,0
BRDA:112,14,0,1
BRDA:112,14,1,0
BRDA:129,15,0,0
BRDA:129,15,1,0
BRDA:136,16,0,0
BRDA:140,17,0,0
BRDA:140,17,1,0
BRDA:151,18,0,0
BRDA:155,19,0,0
BRDA:155,19,1,0
BRF:37
BRH:4
end_of_record
TN:
SF:services\agentService.js
FN:8,(anonymous_0)
FN:82,(anonymous_1)
FN:86,(anonymous_2)
FN:98,(anonymous_3)
FN:106,(anonymous_4)
FN:114,(anonymous_5)
FN:115,(anonymous_6)
FNF:7
FNH:5
FNDA:3,(anonymous_0)
FNDA:1,(anonymous_1)
FNDA:1,(anonymous_2)
FNDA:7,(anonymous_3)
FNDA:3,(anonymous_4)
FNDA:0,(anonymous_5)
FNDA:0,(anonymous_6)
DA:2,1
DA:3,1
DA:4,1
DA:5,1
DA:9,3
DA:10,3
DA:14,3
DA:15,1
DA:16,1
DA:17,1
DA:20,1
DA:21,1
DA:22,1
DA:25,0
DA:30,3
DA:32,3
DA:34,2
DA:35,2
DA:36,2
DA:39,2
DA:40,0
DA:44,2
DA:45,2
DA:46,2
DA:52,2
DA:53,2
DA:55,0
DA:59,2
DA:69,1
DA:79,3
DA:83,1
DA:88,1
DA:91,1
DA:92,1
DA:95,1
DA:99,7
DA:100,7
DA:101,7
DA:104,3
DA:106,3
DA:107,3
DA:115,0
DA:116,0
DA:128,3
DA:130,0
DA:131,0
DA:132,0
DA:134,0
DA:135,0
DA:136,0
DA:140,0
DA:142,7
DA:147,1
LF:53
LH:41
BRDA:8,0,0,2
BRDA:9,1,0,3
BRDA:9,1,1,3
BRDA:10,2,0,3
BRDA:10,2,1,3
BRDA:14,3,0,1
BRDA:14,3,1,2
BRDA:32,4,0,2
BRDA:32,4,1,1
BRDA:34,5,0,2
BRDA:34,5,1,0
BRDA:36,6,0,2
BRDA:36,6,1,0
BRDA:39,7,0,0
BRDA:39,7,1,2
BRDA:82,8,0,0
BRDA:91,9,0,1
BRDA:91,9,1,0
BRDA:91,10,0,1
BRDA:91,10,1,1
BRDA:132,11,0,0
BRDA:132,11,1,0
BRDA:134,12,0,0
BRDA:134,12,1,0
BRDA:136,13,0,0
BRDA:136,13,1,0
BRF:26
BRH:15
end_of_record
TN:
SF:services\authService.js
FN:10,(anonymous_0)
FN:49,(anonymous_1)
FN:71,(anonymous_2)
FN:79,(anonymous_3)
FN:83,(anonymous_4)
FNF:5
FNH:3
FNDA:3,(anonymous_0)
FNDA:1,(anonymous_1)
FNDA:1,(anonymous_2)
FNDA:0,(anonymous_3)
FNDA:0,(anonymous_4)
DA:2,1
DA:3,1
DA:4,1
DA:6,1
DA:7,1
DA:11,3
DA:13,3
DA:14,1
DA:17,2
DA:18,2
DA:19,1
DA:23,1
DA:25,1
DA:27,1
DA:38,1
DA:46,0
DA:51,1
DA:54,1
DA:57,1
DA:63,1
DA:71,1
DA:80,0
DA:84,0
DA:86,0
DA:89,0
DA:90,0
DA:91,0
DA:92,0
DA:96,0
DA:97,0
DA:104,0
DA:105,0
DA:106,0
DA:109,0
DA:111,0
DA:116,1
LF:36
LH:21
BRDA:13,0,0,1
BRDA:13,0,1,2
BRDA:18,1,0,1
BRDA:18,1,1,1
BRDA:25,2,0,1
BRDA:25,2,1,0
BRDA:90,3,0,0
BRDA:90,3,1,0
BRDA:105,4,0,0
BRDA:105,4,1,0
BRF:10
BRH:5
end_of_record
TN:
SF:services\edrService.js
FN:8,(anonymous_0)
FN:37,(anonymous_1)
FN:40,(anonymous_2)
FN:53,(anonymous_3)
FN:56,(anonymous_4)
FN:74,(anonymous_5)
FN:75,(anonymous_6)
FN:77,(anonymous_7)
FN:78,(anonymous_8)
FN:95,(anonymous_9)
FN:98,(anonymous_10)
FN:116,(anonymous_11)
FN:117,(anonymous_12)
FN:123,(anonymous_13)
FN:127,(anonymous_14)
FN:148,(anonymous_15)
FN:166,(anonymous_16)
FNF:17
FNH:17
FNDA:1,(anonymous_0)
FNDA:1,(anonymous_1)
FNDA:2,(anonymous_2)
FNDA:1,(anonymous_3)
FNDA:1,(anonymous_4)
FNDA:1,(anonymous_5)
FNDA:1,(anonymous_6)
FNDA:1,(anonymous_7)
FNDA:1,(anonymous_8)
FNDA:2,(anonymous_9)
FNDA:2,(anonymous_10)
FNDA:1,(anonymous_11)
FNDA:1,(anonymous_12)
FNDA:2,(anonymous_13)
FNDA:3,(anonymous_14)
FNDA:1,(anonymous_15)
FNDA:1,(anonymous_16)
DA:2,8
DA:5,8
DA:10,1
DA:30,1
DA:31,1
DA:38,1
DA:40,2
DA:42,1
DA:44,1
DA:45,2
DA:46,2
DA:47,2
DA:49,0
DA:53,1
DA:57,1
DA:58,1
DA:60,1
DA:61,1
DA:62,1
DA:64,1
DA:69,1
DA:70,0
DA:71,0
DA:74,1
DA:75,1
DA:76,1
DA:77,1
DA:78,1
DA:79,1
DA:80,1
DA:81,1
DA:82,1
DA:84,0
DA:89,1
DA:90,1
DA:91,1
DA:96,2
DA:98,2
DA:99,2
DA:100,2
DA:101,2
DA:103,2
DA:117,1
DA:124,2
DA:128,3
DA:129,3
DA:131,3
DA:144,3
DA:145,3
DA:149,1
DA:150,1
DA:152,1
DA:163,1
DA:167,1
DA:171,8
LF:55
LH:51
BRDA:37,0,0,1
BRDA:38,1,0,0
BRDA:38,1,1,1
BRDA:62,2,0,0
BRDA:62,2,1,1
BRDA:69,3,0,0
BRDA:69,3,1,1
BRDA:69,4,0,1
BRDA:69,4,1,0
BRDA:96,5,0,2
BRDA:96,5,1,0
BRDA:100,6,0,2
BRDA:100,6,1,0
BRDA:101,7,0,2
BRDA:101,7,1,0
BRDA:105,8,0,2
BRDA:105,8,1,0
BRDA:108,9,0,2
BRDA:108,9,1,0
BRDA:109,10,0,2
BRDA:109,10,1,0
BRDA:110,11,0,2
BRDA:110,11,1,0
BRDA:111,12,0,2
BRDA:111,12,1,2
BRDA:119,13,0,0
BRDA:119,13,1,1
BRDA:136,14,0,3
BRDA:136,14,1,2
BRDA:137,15,0,3
BRDA:137,15,1,2
BRDA:138,16,0,3
BRDA:138,16,1,2
BRDA:140,17,0,3
BRDA:140,17,1,1
BRDA:150,18,0,0
BRDA:150,18,1,1
BRDA:153,19,0,1
BRDA:153,19,1,0
BRDA:154,20,0,1
BRDA:154,20,1,1
BRDA:155,21,0,1
BRDA:155,21,1,1
BRDA:156,22,0,0
BRDA:156,22,1,1
BRDA:157,23,0,1
BRDA:157,23,1,1
BRDA:158,24,0,1
BRDA:158,24,1,1
BRDA:159,25,0,1
BRDA:159,25,1,0
BRDA:160,26,0,1
BRDA:160,26,1,1
BRF:53
BRH:37
end_of_record
TN:
SF:services\taskQueueService.js
FN:4,(anonymous_0)
FN:14,(anonymous_1)
FN:53,(anonymous_2)
FN:88,(anonymous_3)
FN:106,(anonymous_4)
FN:121,(anonymous_5)
FN:126,(anonymous_6)
FN:137,(anonymous_7)
FN:169,(anonymous_8)
FN:174,(anonymous_9)
FN:194,(anonymous_10)
FN:198,(anonymous_11)
FN:221,(anonymous_12)
FN:241,(anonymous_13)
FN:263,(anonymous_14)
FN:283,(anonymous_15)
FNF:16
FNH:4
FNDA:1,(anonymous_0)
FNDA:1,(anonymous_1)
FNDA:1,(anonymous_2)
FNDA:0,(anonymous_3)
FNDA:1,(anonymous_4)
FNDA:0,(anonymous_5)
FNDA:0,(anonymous_6)
FNDA:0,(anonymous_7)
FNDA:0,(anonymous_8)
FNDA:0,(anonymous_9)
FNDA:0,(anonymous_10)
FNDA:0,(anonymous_11)
FNDA:0,(anonymous_12)
FNDA:0,(anonymous_13)
FNDA:0,(anonymous_14)
FNDA:0,(anonymous_15)
DA:1,1
DA:5,1
DA:15,1
DA:16,1
DA:18,1
DA:19,1
DA:20,1
DA:22,1
DA:28,1
DA:31,1
DA:32,1
DA:39,1
DA:41,1
DA:43,0
DA:44,0
DA:54,1
DA:55,1
DA:56,1
DA:58,1
DA:59,0
DA:62,1
DA:65,1
DA:66,1
DA:67,1
DA:71,1
DA:73,1
DA:75,1
DA:77,0
DA:78,0
DA:89,0
DA:90,0
DA:91,0
DA:93,0
DA:94,0
DA:96,0
DA:97,0
DA:107,1
DA:108,1
DA:109,1
DA:111,0
DA:112,0
DA:122,0
DA:123,0
DA:124,0
DA:126,0
DA:128,0
DA:129,0
DA:138,0
DA:139,0
DA:140,0
DA:142,0
DA:143,0
DA:144,0
DA:145,0
DA:146,0
DA:148,0
DA:149,0
DA:150,0
DA:157,0
DA:159,0
DA:160,0
DA:170,0
DA:171,0
DA:172,0
DA:174,0
DA:175,0
DA:176,0
DA:182,0
DA:183,0
DA:195,0
DA:196,0
DA:198,0
DA:199,0
DA:200,0
DA:201,0
DA:203,0
DA:207,0
DA:209,0
DA:211,0
DA:212,0
DA:222,0
DA:223,0
DA:224,0
DA:226,0
DA:227,0
DA:228,0
DA:229,0
DA:232,0
DA:242,0
DA:243,0
DA:244,0
DA:250,0
DA:251,0
DA:253,0
DA:254,0
DA:264,0
DA:265,0
DA:266,0
DA:268,0
DA:269,0
DA:271,0
DA:272,0
DA:274,0
DA:275,0
DA:284,0
DA:286,0
DA:287,0
DA:289,0
DA:290,0
DA:292,0
DA:293,0
DA:294,0
DA:297,0
DA:298,0
DA:301,0
DA:308,0
DA:309,0
DA:314,1
LF:118
LH:28
BRDA:19,0,0,1
BRDA:19,0,1,0
BRDA:19,1,0,1
BRDA:19,1,1,1
BRDA:35,2,0,1
BRDA:35,2,1,0
BRDA:39,3,0,1
BRDA:39,3,1,0
BRDA:58,4,0,0
BRDA:58,4,1,1
BRDA:66,5,0,1
BRDA:66,5,1,0
BRDA:145,6,0,0
BRDA:145,6,1,0
BRDA:146,7,0,0
BRDA:146,7,1,0
BRDA:226,8,0,0
BRDA:226,8,1,0
BRF:18
BRH:7
end_of_record
TN:
SF:services\taskService.js
FN:5,(anonymous_0)
FN:9,(anonymous_1)
FN:13,(anonymous_2)
FN:18,(anonymous_3)
FN:44,(anonymous_4)
FN:48,(anonymous_5)
FNF:6
FNH:2
FNDA:0,(anonymous_0)
FNDA:0,(anonymous_1)
FNDA:1,(anonymous_2)
FNDA:1,(anonymous_3)
FNDA:0,(anonymous_4)
FNDA:0,(anonymous_5)
DA:2,1
DA:6,0
DA:10,0
DA:14,1
DA:15,1
DA:18,1
DA:19,1
DA:20,1
DA:41,1
DA:45,0
DA:49,0
DA:53,1
LF:12
LH:8
BRDA:5,0,0,0
BRDA:23,1,0,1
BRDA:23,1,1,0
BRDA:24,2,0,1
BRDA:24,2,1,0
BRDA:26,3,0,1
BRDA:26,3,1,1
BRDA:27,4,0,1
BRDA:27,4,1,1
BRDA:30,5,0,1
BRDA:30,5,1,0
BRDA:30,6,0,0
BRDA:30,6,1,0
BRDA:31,7,0,1
BRDA:31,7,1,0
BRDA:31,7,2,0
BRDA:32,8,0,1
BRDA:32,8,1,0
BRDA:32,8,2,0
BRDA:33,9,0,1
BRDA:33,9,1,1
BRDA:33,9,2,1
BRDA:44,10,0,0
BRF:23
BRH:12
end_of_record
TN:
SF:services\tokenBlacklistService.js
FN:15,(anonymous_0)
FN:136,(anonymous_1)
FN:155,(anonymous_2)
FN:182,(anonymous_3)
FN:206,(anonymous_4)
FN:240,(anonymous_5)
FN:269,(anonymous_6)
FN:312,(anonymous_7)
FN:330,(anonymous_8)
FNF:9
FNH:2
FNDA:2,(anonymous_0)
FNDA:0,(anonymous_1)
FNDA:0,(anonymous_2)
FNDA:2,(anonymous_3)
FNDA:0,(anonymous_4)
FNDA:0,(anonymous_5)
FNDA:0,(anonymous_6)
FNDA:0,(anonymous_7)
FNDA:0,(anonymous_8)
DA:1,1
DA:2,1
DA:3,1
DA:4,1
DA:16,2
DA:18,2
DA:19,0
DA:20,0
DA:21,0
DA:22,0
DA:23,0
DA:26,0
DA:27,0
DA:28,0
DA:32,0
DA:35,0
DA:37,0
DA:41,2
DA:42,2
DA:44,2
DA:51,2
DA:54,2
DA:55,2
DA:58,2
DA:59,2
DA:65,2
DA:72,2
DA:74,0
DA:78,2
DA:79,2
DA:84,2
DA:85,1
DA:86,1
DA:88,1
DA:90,1
DA:91,1
DA:93,0
DA:96,1
DA:100,2
DA:101,2
DA:102,1
DA:103,1
DA:104,1
DA:106,1
DA:108,1
DA:109,1
DA:111,1
DA:113,0
DA:117,0
DA:121,2
DA:123,2
DA:125,0
DA:126,0
DA:137,0
DA:138,0
DA:139,0
DA:140,0
DA:141,0
DA:142,0
DA:144,0
DA:146,0
DA:156,0
DA:157,0
DA:158,0
DA:160,0
DA:161,0
DA:164,0
DA:165,0
DA:167,0
DA:172,0
DA:173,0
DA:183,2
DA:184,2
DA:186,2
DA:187,2
DA:188,2
DA:189,2
DA:192,1
DA:193,1
DA:194,1
DA:196,0
DA:197,0
DA:207,0
DA:208,0
DA:209,0
DA:212,0
DA:213,0
DA:216,0
DA:217,0
DA:223,0
DA:225,0
DA:228,0
DA:229,0
DA:231,0
DA:232,0
DA:241,0
DA:242,0
DA:243,0
DA:245,0
DA:246,0
DA:247,0
DA:248,0
DA:249,0
DA:256,0
DA:258,0
DA:259,0
DA:270,0
DA:272,0
DA:273,0
DA:274,0
DA:275,0
DA:276,0
DA:277,0
DA:279,0
DA:280,0
DA:284,0
DA:288,0
DA:289,0
DA:291,0
DA:292,0
DA:298,0
DA:300,0
DA:301,0
DA:303,0
DA:304,0
DA:313,0
DA:314,0
DA:315,0
DA:317,0
DA:318,0
DA:319,0
DA:321,0
DA:322,0
DA:331,0
DA:332,0
DA:339,0
DA:340,0
DA:341,0
DA:345,0
DA:346,0
DA:347,0
DA:354,0
DA:357,0
DA:358,0
DA:360,0
DA:364,0
DA:365,0
DA:367,0
DA:368,0
DA:373,1
LF:150
LH:46
BRDA:15,0,0,0
BRDA:18,1,0,0
BRDA:18,1,1,2
BRDA:21,2,0,0
BRDA:21,2,1,0
BRDA:21,3,0,0
BRDA:21,3,1,0
BRDA:26,4,0,0
BRDA:26,4,1,0
BRDA:48,5,0,2
BRDA:48,5,1,0
BRDA:84,6,0,1
BRDA:84,6,1,1
BRDA:84,7,0,2
BRDA:84,7,1,2
BRDA:90,8,0,1
BRDA:90,8,1,0
BRDA:101,9,0,1
BRDA:101,9,1,1
BRDA:101,10,0,2
BRDA:101,10,1,1
BRDA:101,10,2,1
BRDA:160,11,0,0
BRDA:160,11,1,0
BRDA:182,12,0,0
BRDA:184,13,0,0
BRDA:184,13,1,2
BRDA:186,14,0,2
BRDA:186,14,1,0
BRDA:189,15,0,1
BRDA:189,15,1,1
BRDA:248,16,0,0
BRDA:248,16,1,0
BRDA:275,17,0,0
BRDA:275,17,1,0
BRDA:275,18,0,0
BRDA:275,18,1,0
BRDA:279,19,0,0
BRDA:279,19,1,0
BRDA:289,20,0,0
BRDA:289,20,1,0
BRDA:315,21,0,0
BRDA:315,21,1,0
BRDA:341,22,0,0
BRDA:341,22,1,0
BRDA:345,23,0,0
BRDA:345,23,1,0
BRF:47
BRH:16
end_of_record
